The system is: Linux - 4.19.27-gentoo-r1 - x86_64
Compiling the C compiler identification source file "CMakeCCompilerId.c" succeeded.
Compiler: /usr/bin/cc 
Build flags: 
Id flags:  

The output was:
0


Compilation of the C compiler identification source "CMakeCCompilerId.c" produced "a.out"

The C compiler identification is GNU, found in "/home/lukas/Projects/GraphContractor/build/deps/fmt/src/fmt-project-build/CMakeFiles/3.14.3/CompilerIdC/a.out"

Compiling the CXX compiler identification source file "CMakeCXXCompilerId.cpp" succeeded.
Compiler: /usr/bin/c++ 
Build flags: 
Id flags:  

The output was:
0


Compilation of the CXX compiler identification source "CMakeCXXCompilerId.cpp" produced "a.out"

The CXX compiler identification is GNU, found in "/home/lukas/Projects/GraphContractor/build/deps/fmt/src/fmt-project-build/CMakeFiles/3.14.3/CompilerIdCXX/a.out"

Determining if the C compiler works passed with the following output:
Change Dir: /home/lukas/Projects/GraphContractor/build/deps/fmt/src/fmt-project-build/CMakeFiles/CMakeTmp

Run Build Command(s):/usr/bin/gmake cmTC_fca6a/fast 
gmake[3]: Verzeichnis „/home/lukas/Projects/GraphContractor/build/deps/fmt/src/fmt-project-build/CMakeFiles/CMakeTmp“ wird betreten
/usr/bin/gmake -f CMakeFiles/cmTC_fca6a.dir/build.make CMakeFiles/cmTC_fca6a.dir/build
gmake[4]: Verzeichnis „/home/lukas/Projects/GraphContractor/build/deps/fmt/src/fmt-project-build/CMakeFiles/CMakeTmp“ wird betreten
Building C object CMakeFiles/cmTC_fca6a.dir/testCCompiler.c.o
/usr/bin/cc    -o CMakeFiles/cmTC_fca6a.dir/testCCompiler.c.o   -c /home/lukas/Projects/GraphContractor/build/deps/fmt/src/fmt-project-build/CMakeFiles/CMakeTmp/testCCompiler.c
Linking C executable cmTC_fca6a
/usr/bin/cmake -E cmake_link_script CMakeFiles/cmTC_fca6a.dir/link.txt --verbose=1
/usr/bin/cc      CMakeFiles/cmTC_fca6a.dir/testCCompiler.c.o  -o cmTC_fca6a 
gmake[4]: Verzeichnis „/home/lukas/Projects/GraphContractor/build/deps/fmt/src/fmt-project-build/CMakeFiles/CMakeTmp“ wird verlassen
gmake[3]: Verzeichnis „/home/lukas/Projects/GraphContractor/build/deps/fmt/src/fmt-project-build/CMakeFiles/CMakeTmp“ wird verlassen


Detecting C compiler ABI info compiled with the following output:
Change Dir: /home/lukas/Projects/GraphContractor/build/deps/fmt/src/fmt-project-build/CMakeFiles/CMakeTmp

Run Build Command(s):/usr/bin/gmake cmTC_08063/fast 
gmake[3]: Entering directory '/home/lukas/Projects/GraphContractor/build/deps/fmt/src/fmt-project-build/CMakeFiles/CMakeTmp'
/usr/bin/gmake -f CMakeFiles/cmTC_08063.dir/build.make CMakeFiles/cmTC_08063.dir/build
gmake[4]: Entering directory '/home/lukas/Projects/GraphContractor/build/deps/fmt/src/fmt-project-build/CMakeFiles/CMakeTmp'
Building C object CMakeFiles/cmTC_08063.dir/CMakeCCompilerABI.c.o
/usr/bin/cc   -v -o CMakeFiles/cmTC_08063.dir/CMakeCCompilerABI.c.o   -c /usr/share/cmake/Modules/CMakeCCompilerABI.c
Using built-in specs.
COLLECT_GCC=/usr/bin/cc
Target: x86_64-pc-linux-gnu
Configured with: /var/tmp/portage/sys-devel/gcc-8.2.0-r6/work/gcc-8.2.0/configure --host=x86_64-pc-linux-gnu --build=x86_64-pc-linux-gnu --prefix=/usr --bindir=/usr/x86_64-pc-linux-gnu/gcc-bin/8.2.0 --includedir=/usr/lib/gcc/x86_64-pc-linux-gnu/8.2.0/include --datadir=/usr/share/gcc-data/x86_64-pc-linux-gnu/8.2.0 --mandir=/usr/share/gcc-data/x86_64-pc-linux-gnu/8.2.0/man --infodir=/usr/share/gcc-data/x86_64-pc-linux-gnu/8.2.0/info --with-gxx-include-dir=/usr/lib/gcc/x86_64-pc-linux-gnu/8.2.0/include/g++-v8 --with-python-dir=/share/gcc-data/x86_64-pc-linux-gnu/8.2.0/python --enable-languages=c,c++,fortran --enable-obsolete --enable-secureplt --disable-werror --with-system-zlib --enable-nls --without-included-gettext --enable-checking=release --with-bugurl=https://bugs.gentoo.org/ --with-pkgversion='Gentoo 8.2.0-r6 p1.7' --disable-esp --enable-libstdcxx-time --enable-shared --enable-threads=posix --enable-__cxa_atexit --enable-clocale=gnu --enable-multilib --with-multilib-list=m32,m64 --disable-altivec --disable-fixed-point --enable-targets=all --enable-libgomp --disable-libmudflap --disable-libssp --disable-libmpx --disable-systemtap --enable-vtable-verify --enable-lto --without-isl --enable-default-pie --enable-default-ssp
Thread model: posix
gcc version 8.2.0 (Gentoo 8.2.0-r6 p1.7) 
COLLECT_GCC_OPTIONS='-v' '-o' 'CMakeFiles/cmTC_08063.dir/CMakeCCompilerABI.c.o' '-c' '-mtune=generic' '-march=x86-64'
 /usr/libexec/gcc/x86_64-pc-linux-gnu/8.2.0/cc1 -quiet -v /usr/share/cmake/Modules/CMakeCCompilerABI.c -quiet -dumpbase CMakeCCompilerABI.c -mtune=generic -march=x86-64 -auxbase-strip CMakeFiles/cmTC_08063.dir/CMakeCCompilerABI.c.o -version -o /tmp/ccvGzPl4.s
GNU C17 (Gentoo 8.2.0-r6 p1.7) version 8.2.0 (x86_64-pc-linux-gnu)
	compiled by GNU C version 8.2.0, GMP version 6.1.2, MPFR version 3.1.6, MPC version 1.0.3, isl version none
GGC heuristics: --param ggc-min-expand=100 --param ggc-min-heapsize=131072
ignoring nonexistent directory "/usr/local/include"
ignoring nonexistent directory "/usr/lib/gcc/x86_64-pc-linux-gnu/8.2.0/../../../../x86_64-pc-linux-gnu/include"
#include "..." search starts here:
#include <...> search starts here:
 /usr/lib/gcc/x86_64-pc-linux-gnu/8.2.0/include
 /usr/lib/gcc/x86_64-pc-linux-gnu/8.2.0/include-fixed
 /usr/include
End of search list.
GNU C17 (Gentoo 8.2.0-r6 p1.7) version 8.2.0 (x86_64-pc-linux-gnu)
	compiled by GNU C version 8.2.0, GMP version 6.1.2, MPFR version 3.1.6, MPC version 1.0.3, isl version none
GGC heuristics: --param ggc-min-expand=100 --param ggc-min-heapsize=131072
Compiler executable checksum: f9c1650431dca5f7ab581f60ca938c25
COLLECT_GCC_OPTIONS='-v' '-o' 'CMakeFiles/cmTC_08063.dir/CMakeCCompilerABI.c.o' '-c' '-mtune=generic' '-march=x86-64'
 /usr/lib/gcc/x86_64-pc-linux-gnu/8.2.0/../../../../x86_64-pc-linux-gnu/bin/as -v --64 -o CMakeFiles/cmTC_08063.dir/CMakeCCompilerABI.c.o /tmp/ccvGzPl4.s
GNU assembler version 2.31.1 (x86_64-pc-linux-gnu) using BFD version (Gentoo 2.31.1 p7) 2.31.1
COMPILER_PATH=/usr/libexec/gcc/x86_64-pc-linux-gnu/8.2.0/:/usr/libexec/gcc/x86_64-pc-linux-gnu/8.2.0/:/usr/libexec/gcc/x86_64-pc-linux-gnu/:/usr/lib/gcc/x86_64-pc-linux-gnu/8.2.0/:/usr/lib/gcc/x86_64-pc-linux-gnu/:/usr/lib/gcc/x86_64-pc-linux-gnu/8.2.0/../../../../x86_64-pc-linux-gnu/bin/
LIBRARY_PATH=/usr/lib/gcc/x86_64-pc-linux-gnu/8.2.0/:/usr/lib/gcc/x86_64-pc-linux-gnu/8.2.0/../../../../lib64/:/lib/../lib64/:/usr/lib/../lib64/:/usr/lib/gcc/x86_64-pc-linux-gnu/8.2.0/../../../../x86_64-pc-linux-gnu/lib/:/usr/lib/gcc/x86_64-pc-linux-gnu/8.2.0/../../../:/lib/:/usr/lib/
COLLECT_GCC_OPTIONS='-v' '-o' 'CMakeFiles/cmTC_08063.dir/CMakeCCompilerABI.c.o' '-c' '-mtune=generic' '-march=x86-64'
Linking C executable cmTC_08063
/usr/bin/cmake -E cmake_link_script CMakeFiles/cmTC_08063.dir/link.txt --verbose=1
/usr/bin/cc     -v CMakeFiles/cmTC_08063.dir/CMakeCCompilerABI.c.o  -o cmTC_08063 
Using built-in specs.
COLLECT_GCC=/usr/bin/cc
COLLECT_LTO_WRAPPER=/usr/libexec/gcc/x86_64-pc-linux-gnu/8.2.0/lto-wrapper
Target: x86_64-pc-linux-gnu
Configured with: /var/tmp/portage/sys-devel/gcc-8.2.0-r6/work/gcc-8.2.0/configure --host=x86_64-pc-linux-gnu --build=x86_64-pc-linux-gnu --prefix=/usr --bindir=/usr/x86_64-pc-linux-gnu/gcc-bin/8.2.0 --includedir=/usr/lib/gcc/x86_64-pc-linux-gnu/8.2.0/include --datadir=/usr/share/gcc-data/x86_64-pc-linux-gnu/8.2.0 --mandir=/usr/share/gcc-data/x86_64-pc-linux-gnu/8.2.0/man --infodir=/usr/share/gcc-data/x86_64-pc-linux-gnu/8.2.0/info --with-gxx-include-dir=/usr/lib/gcc/x86_64-pc-linux-gnu/8.2.0/include/g++-v8 --with-python-dir=/share/gcc-data/x86_64-pc-linux-gnu/8.2.0/python --enable-languages=c,c++,fortran --enable-obsolete --enable-secureplt --disable-werror --with-system-zlib --enable-nls --without-included-gettext --enable-checking=release --with-bugurl=https://bugs.gentoo.org/ --with-pkgversion='Gentoo 8.2.0-r6 p1.7' --disable-esp --enable-libstdcxx-time --enable-shared --enable-threads=posix --enable-__cxa_atexit --enable-clocale=gnu --enable-multilib --with-multilib-list=m32,m64 --disable-altivec --disable-fixed-point --enable-targets=all --enable-libgomp --disable-libmudflap --disable-libssp --disable-libmpx --disable-systemtap --enable-vtable-verify --enable-lto --without-isl --enable-default-pie --enable-default-ssp
Thread model: posix
gcc version 8.2.0 (Gentoo 8.2.0-r6 p1.7) 
COMPILER_PATH=/usr/libexec/gcc/x86_64-pc-linux-gnu/8.2.0/:/usr/libexec/gcc/x86_64-pc-linux-gnu/8.2.0/:/usr/libexec/gcc/x86_64-pc-linux-gnu/:/usr/lib/gcc/x86_64-pc-linux-gnu/8.2.0/:/usr/lib/gcc/x86_64-pc-linux-gnu/:/usr/lib/gcc/x86_64-pc-linux-gnu/8.2.0/../../../../x86_64-pc-linux-gnu/bin/
LIBRARY_PATH=/usr/lib/gcc/x86_64-pc-linux-gnu/8.2.0/:/usr/lib/gcc/x86_64-pc-linux-gnu/8.2.0/../../../../lib64/:/lib/../lib64/:/usr/lib/../lib64/:/usr/lib/gcc/x86_64-pc-linux-gnu/8.2.0/../../../../x86_64-pc-linux-gnu/lib/:/usr/lib/gcc/x86_64-pc-linux-gnu/8.2.0/../../../:/lib/:/usr/lib/
COLLECT_GCC_OPTIONS='-v' '-o' 'cmTC_08063' '-mtune=generic' '-march=x86-64'
 /usr/libexec/gcc/x86_64-pc-linux-gnu/8.2.0/collect2 -plugin /usr/libexec/gcc/x86_64-pc-linux-gnu/8.2.0/liblto_plugin.so -plugin-opt=/usr/libexec/gcc/x86_64-pc-linux-gnu/8.2.0/lto-wrapper -plugin-opt=-fresolution=/tmp/ccGWewu8.res -plugin-opt=-pass-through=-lgcc -plugin-opt=-pass-through=-lgcc_s -plugin-opt=-pass-through=-lc -plugin-opt=-pass-through=-lgcc -plugin-opt=-pass-through=-lgcc_s --eh-frame-hdr -m elf_x86_64 -dynamic-linker /lib64/ld-linux-x86-64.so.2 -pie -o cmTC_08063 /usr/lib/gcc/x86_64-pc-linux-gnu/8.2.0/../../../../lib64/Scrt1.o /usr/lib/gcc/x86_64-pc-linux-gnu/8.2.0/../../../../lib64/crti.o /usr/lib/gcc/x86_64-pc-linux-gnu/8.2.0/crtbeginS.o -L/usr/lib/gcc/x86_64-pc-linux-gnu/8.2.0 -L/usr/lib/gcc/x86_64-pc-linux-gnu/8.2.0/../../../../lib64 -L/lib/../lib64 -L/usr/lib/../lib64 -L/usr/lib/gcc/x86_64-pc-linux-gnu/8.2.0/../../../../x86_64-pc-linux-gnu/lib -L/usr/lib/gcc/x86_64-pc-linux-gnu/8.2.0/../../.. CMakeFiles/cmTC_08063.dir/CMakeCCompilerABI.c.o -lgcc --as-needed -lgcc_s --no-as-needed -lc -lgcc --as-needed -lgcc_s --no-as-needed /usr/lib/gcc/x86_64-pc-linux-gnu/8.2.0/crtendS.o /usr/lib/gcc/x86_64-pc-linux-gnu/8.2.0/../../../../lib64/crtn.o
COLLECT_GCC_OPTIONS='-v' '-o' 'cmTC_08063' '-mtune=generic' '-march=x86-64'
gmake[4]: Leaving directory '/home/lukas/Projects/GraphContractor/build/deps/fmt/src/fmt-project-build/CMakeFiles/CMakeTmp'
gmake[3]: Leaving directory '/home/lukas/Projects/GraphContractor/build/deps/fmt/src/fmt-project-build/CMakeFiles/CMakeTmp'


Parsed C implicit include dir info from above output: rv=done
  found start of include info
  found start of implicit include info
    add: [/usr/lib/gcc/x86_64-pc-linux-gnu/8.2.0/include]
    add: [/usr/lib/gcc/x86_64-pc-linux-gnu/8.2.0/include-fixed]
    add: [/usr/include]
  end of search list found
  collapse include dir [/usr/lib/gcc/x86_64-pc-linux-gnu/8.2.0/include] ==> [/usr/lib/gcc/x86_64-pc-linux-gnu/8.2.0/include]
  collapse include dir [/usr/lib/gcc/x86_64-pc-linux-gnu/8.2.0/include-fixed] ==> [/usr/lib/gcc/x86_64-pc-linux-gnu/8.2.0/include-fixed]
  collapse include dir [/usr/include] ==> [/usr/include]
  implicit include dirs: [/usr/lib/gcc/x86_64-pc-linux-gnu/8.2.0/include;/usr/lib/gcc/x86_64-pc-linux-gnu/8.2.0/include-fixed;/usr/include]


Parsed C implicit link information from above output:
  link line regex: [^( *|.*[/\])(ld|CMAKE_LINK_STARTFILE-NOTFOUND|([^/\]+-)?ld|collect2)[^/\]*( |$)]
  ignore line: [Change Dir: /home/lukas/Projects/GraphContractor/build/deps/fmt/src/fmt-project-build/CMakeFiles/CMakeTmp]
  ignore line: []
  ignore line: [Run Build Command(s):/usr/bin/gmake cmTC_08063/fast ]
  ignore line: [gmake[3]: Entering directory '/home/lukas/Projects/GraphContractor/build/deps/fmt/src/fmt-project-build/CMakeFiles/CMakeTmp']
  ignore line: [/usr/bin/gmake -f CMakeFiles/cmTC_08063.dir/build.make CMakeFiles/cmTC_08063.dir/build]
  ignore line: [gmake[4]: Entering directory '/home/lukas/Projects/GraphContractor/build/deps/fmt/src/fmt-project-build/CMakeFiles/CMakeTmp']
  ignore line: [Building C object CMakeFiles/cmTC_08063.dir/CMakeCCompilerABI.c.o]
  ignore line: [/usr/bin/cc   -v -o CMakeFiles/cmTC_08063.dir/CMakeCCompilerABI.c.o   -c /usr/share/cmake/Modules/CMakeCCompilerABI.c]
  ignore line: [Using built-in specs.]
  ignore line: [COLLECT_GCC=/usr/bin/cc]
  ignore line: [Target: x86_64-pc-linux-gnu]
  ignore line: [Configured with: /var/tmp/portage/sys-devel/gcc-8.2.0-r6/work/gcc-8.2.0/configure --host=x86_64-pc-linux-gnu --build=x86_64-pc-linux-gnu --prefix=/usr --bindir=/usr/x86_64-pc-linux-gnu/gcc-bin/8.2.0 --includedir=/usr/lib/gcc/x86_64-pc-linux-gnu/8.2.0/include --datadir=/usr/share/gcc-data/x86_64-pc-linux-gnu/8.2.0 --mandir=/usr/share/gcc-data/x86_64-pc-linux-gnu/8.2.0/man --infodir=/usr/share/gcc-data/x86_64-pc-linux-gnu/8.2.0/info --with-gxx-include-dir=/usr/lib/gcc/x86_64-pc-linux-gnu/8.2.0/include/g++-v8 --with-python-dir=/share/gcc-data/x86_64-pc-linux-gnu/8.2.0/python --enable-languages=c,c++,fortran --enable-obsolete --enable-secureplt --disable-werror --with-system-zlib --enable-nls --without-included-gettext --enable-checking=release --with-bugurl=https://bugs.gentoo.org/ --with-pkgversion='Gentoo 8.2.0-r6 p1.7' --disable-esp --enable-libstdcxx-time --enable-shared --enable-threads=posix --enable-__cxa_atexit --enable-clocale=gnu --enable-multilib --with-multilib-list=m32,m64 --disable-altivec --disable-fixed-point --enable-targets=all --enable-libgomp --disable-libmudflap --disable-libssp --disable-libmpx --disable-systemtap --enable-vtable-verify --enable-lto --without-isl --enable-default-pie --enable-default-ssp]
  ignore line: [Thread model: posix]
  ignore line: [gcc version 8.2.0 (Gentoo 8.2.0-r6 p1.7) ]
  ignore line: [COLLECT_GCC_OPTIONS='-v' '-o' 'CMakeFiles/cmTC_08063.dir/CMakeCCompilerABI.c.o' '-c' '-mtune=generic' '-march=x86-64']
  ignore line: [ /usr/libexec/gcc/x86_64-pc-linux-gnu/8.2.0/cc1 -quiet -v /usr/share/cmake/Modules/CMakeCCompilerABI.c -quiet -dumpbase CMakeCCompilerABI.c -mtune=generic -march=x86-64 -auxbase-strip CMakeFiles/cmTC_08063.dir/CMakeCCompilerABI.c.o -version -o /tmp/ccvGzPl4.s]
  ignore line: [GNU C17 (Gentoo 8.2.0-r6 p1.7) version 8.2.0 (x86_64-pc-linux-gnu)]
  ignore line: [	compiled by GNU C version 8.2.0, GMP version 6.1.2, MPFR version 3.1.6, MPC version 1.0.3, isl version none]
  ignore line: [GGC heuristics: --param ggc-min-expand=100 --param ggc-min-heapsize=131072]
  ignore line: [ignoring nonexistent directory "/usr/local/include"]
  ignore line: [ignoring nonexistent directory "/usr/lib/gcc/x86_64-pc-linux-gnu/8.2.0/../../../../x86_64-pc-linux-gnu/include"]
  ignore line: [#include "..." search starts here:]
  ignore line: [#include <...> search starts here:]
  ignore line: [ /usr/lib/gcc/x86_64-pc-linux-gnu/8.2.0/include]
  ignore line: [ /usr/lib/gcc/x86_64-pc-linux-gnu/8.2.0/include-fixed]
  ignore line: [ /usr/include]
  ignore line: [End of search list.]
  ignore line: [GNU C17 (Gentoo 8.2.0-r6 p1.7) version 8.2.0 (x86_64-pc-linux-gnu)]
  ignore line: [	compiled by GNU C version 8.2.0, GMP version 6.1.2, MPFR version 3.1.6, MPC version 1.0.3, isl version none]
  ignore line: [GGC heuristics: --param ggc-min-expand=100 --param ggc-min-heapsize=131072]
  ignore line: [Compiler executable checksum: f9c1650431dca5f7ab581f60ca938c25]
  ignore line: [COLLECT_GCC_OPTIONS='-v' '-o' 'CMakeFiles/cmTC_08063.dir/CMakeCCompilerABI.c.o' '-c' '-mtune=generic' '-march=x86-64']
  ignore line: [ /usr/lib/gcc/x86_64-pc-linux-gnu/8.2.0/../../../../x86_64-pc-linux-gnu/bin/as -v --64 -o CMakeFiles/cmTC_08063.dir/CMakeCCompilerABI.c.o /tmp/ccvGzPl4.s]
  ignore line: [GNU assembler version 2.31.1 (x86_64-pc-linux-gnu) using BFD version (Gentoo 2.31.1 p7) 2.31.1]
  ignore line: [COMPILER_PATH=/usr/libexec/gcc/x86_64-pc-linux-gnu/8.2.0/:/usr/libexec/gcc/x86_64-pc-linux-gnu/8.2.0/:/usr/libexec/gcc/x86_64-pc-linux-gnu/:/usr/lib/gcc/x86_64-pc-linux-gnu/8.2.0/:/usr/lib/gcc/x86_64-pc-linux-gnu/:/usr/lib/gcc/x86_64-pc-linux-gnu/8.2.0/../../../../x86_64-pc-linux-gnu/bin/]
  ignore line: [LIBRARY_PATH=/usr/lib/gcc/x86_64-pc-linux-gnu/8.2.0/:/usr/lib/gcc/x86_64-pc-linux-gnu/8.2.0/../../../../lib64/:/lib/../lib64/:/usr/lib/../lib64/:/usr/lib/gcc/x86_64-pc-linux-gnu/8.2.0/../../../../x86_64-pc-linux-gnu/lib/:/usr/lib/gcc/x86_64-pc-linux-gnu/8.2.0/../../../:/lib/:/usr/lib/]
  ignore line: [COLLECT_GCC_OPTIONS='-v' '-o' 'CMakeFiles/cmTC_08063.dir/CMakeCCompilerABI.c.o' '-c' '-mtune=generic' '-march=x86-64']
  ignore line: [Linking C executable cmTC_08063]
  ignore line: [/usr/bin/cmake -E cmake_link_script CMakeFiles/cmTC_08063.dir/link.txt --verbose=1]
  ignore line: [/usr/bin/cc     -v CMakeFiles/cmTC_08063.dir/CMakeCCompilerABI.c.o  -o cmTC_08063 ]
  ignore line: [Using built-in specs.]
  ignore line: [COLLECT_GCC=/usr/bin/cc]
  ignore line: [COLLECT_LTO_WRAPPER=/usr/libexec/gcc/x86_64-pc-linux-gnu/8.2.0/lto-wrapper]
  ignore line: [Target: x86_64-pc-linux-gnu]
  ignore line: [Configured with: /var/tmp/portage/sys-devel/gcc-8.2.0-r6/work/gcc-8.2.0/configure --host=x86_64-pc-linux-gnu --build=x86_64-pc-linux-gnu --prefix=/usr --bindir=/usr/x86_64-pc-linux-gnu/gcc-bin/8.2.0 --includedir=/usr/lib/gcc/x86_64-pc-linux-gnu/8.2.0/include --datadir=/usr/share/gcc-data/x86_64-pc-linux-gnu/8.2.0 --mandir=/usr/share/gcc-data/x86_64-pc-linux-gnu/8.2.0/man --infodir=/usr/share/gcc-data/x86_64-pc-linux-gnu/8.2.0/info --with-gxx-include-dir=/usr/lib/gcc/x86_64-pc-linux-gnu/8.2.0/include/g++-v8 --with-python-dir=/share/gcc-data/x86_64-pc-linux-gnu/8.2.0/python --enable-languages=c,c++,fortran --enable-obsolete --enable-secureplt --disable-werror --with-system-zlib --enable-nls --without-included-gettext --enable-checking=release --with-bugurl=https://bugs.gentoo.org/ --with-pkgversion='Gentoo 8.2.0-r6 p1.7' --disable-esp --enable-libstdcxx-time --enable-shared --enable-threads=posix --enable-__cxa_atexit --enable-clocale=gnu --enable-multilib --with-multilib-list=m32,m64 --disable-altivec --disable-fixed-point --enable-targets=all --enable-libgomp --disable-libmudflap --disable-libssp --disable-libmpx --disable-systemtap --enable-vtable-verify --enable-lto --without-isl --enable-default-pie --enable-default-ssp]
  ignore line: [Thread model: posix]
  ignore line: [gcc version 8.2.0 (Gentoo 8.2.0-r6 p1.7) ]
  ignore line: [COMPILER_PATH=/usr/libexec/gcc/x86_64-pc-linux-gnu/8.2.0/:/usr/libexec/gcc/x86_64-pc-linux-gnu/8.2.0/:/usr/libexec/gcc/x86_64-pc-linux-gnu/:/usr/lib/gcc/x86_64-pc-linux-gnu/8.2.0/:/usr/lib/gcc/x86_64-pc-linux-gnu/:/usr/lib/gcc/x86_64-pc-linux-gnu/8.2.0/../../../../x86_64-pc-linux-gnu/bin/]
  ignore line: [LIBRARY_PATH=/usr/lib/gcc/x86_64-pc-linux-gnu/8.2.0/:/usr/lib/gcc/x86_64-pc-linux-gnu/8.2.0/../../../../lib64/:/lib/../lib64/:/usr/lib/../lib64/:/usr/lib/gcc/x86_64-pc-linux-gnu/8.2.0/../../../../x86_64-pc-linux-gnu/lib/:/usr/lib/gcc/x86_64-pc-linux-gnu/8.2.0/../../../:/lib/:/usr/lib/]
  ignore line: [COLLECT_GCC_OPTIONS='-v' '-o' 'cmTC_08063' '-mtune=generic' '-march=x86-64']
  link line: [ /usr/libexec/gcc/x86_64-pc-linux-gnu/8.2.0/collect2 -plugin /usr/libexec/gcc/x86_64-pc-linux-gnu/8.2.0/liblto_plugin.so -plugin-opt=/usr/libexec/gcc/x86_64-pc-linux-gnu/8.2.0/lto-wrapper -plugin-opt=-fresolution=/tmp/ccGWewu8.res -plugin-opt=-pass-through=-lgcc -plugin-opt=-pass-through=-lgcc_s -plugin-opt=-pass-through=-lc -plugin-opt=-pass-through=-lgcc -plugin-opt=-pass-through=-lgcc_s --eh-frame-hdr -m elf_x86_64 -dynamic-linker /lib64/ld-linux-x86-64.so.2 -pie -o cmTC_08063 /usr/lib/gcc/x86_64-pc-linux-gnu/8.2.0/../../../../lib64/Scrt1.o /usr/lib/gcc/x86_64-pc-linux-gnu/8.2.0/../../../../lib64/crti.o /usr/lib/gcc/x86_64-pc-linux-gnu/8.2.0/crtbeginS.o -L/usr/lib/gcc/x86_64-pc-linux-gnu/8.2.0 -L/usr/lib/gcc/x86_64-pc-linux-gnu/8.2.0/../../../../lib64 -L/lib/../lib64 -L/usr/lib/../lib64 -L/usr/lib/gcc/x86_64-pc-linux-gnu/8.2.0/../../../../x86_64-pc-linux-gnu/lib -L/usr/lib/gcc/x86_64-pc-linux-gnu/8.2.0/../../.. CMakeFiles/cmTC_08063.dir/CMakeCCompilerABI.c.o -lgcc --as-needed -lgcc_s --no-as-needed -lc -lgcc --as-needed -lgcc_s --no-as-needed /usr/lib/gcc/x86_64-pc-linux-gnu/8.2.0/crtendS.o /usr/lib/gcc/x86_64-pc-linux-gnu/8.2.0/../../../../lib64/crtn.o]
    arg [/usr/libexec/gcc/x86_64-pc-linux-gnu/8.2.0/collect2] ==> ignore
    arg [-plugin] ==> ignore
    arg [/usr/libexec/gcc/x86_64-pc-linux-gnu/8.2.0/liblto_plugin.so] ==> ignore
    arg [-plugin-opt=/usr/libexec/gcc/x86_64-pc-linux-gnu/8.2.0/lto-wrapper] ==> ignore
    arg [-plugin-opt=-fresolution=/tmp/ccGWewu8.res] ==> ignore
    arg [-plugin-opt=-pass-through=-lgcc] ==> ignore
    arg [-plugin-opt=-pass-through=-lgcc_s] ==> ignore
    arg [-plugin-opt=-pass-through=-lc] ==> ignore
    arg [-plugin-opt=-pass-through=-lgcc] ==> ignore
    arg [-plugin-opt=-pass-through=-lgcc_s] ==> ignore
    arg [--eh-frame-hdr] ==> ignore
    arg [-m] ==> ignore
    arg [elf_x86_64] ==> ignore
    arg [-dynamic-linker] ==> ignore
    arg [/lib64/ld-linux-x86-64.so.2] ==> ignore
    arg [-pie] ==> ignore
    arg [-o] ==> ignore
    arg [cmTC_08063] ==> ignore
    arg [/usr/lib/gcc/x86_64-pc-linux-gnu/8.2.0/../../../../lib64/Scrt1.o] ==> ignore
    arg [/usr/lib/gcc/x86_64-pc-linux-gnu/8.2.0/../../../../lib64/crti.o] ==> ignore
    arg [/usr/lib/gcc/x86_64-pc-linux-gnu/8.2.0/crtbeginS.o] ==> ignore
    arg [-L/usr/lib/gcc/x86_64-pc-linux-gnu/8.2.0] ==> dir [/usr/lib/gcc/x86_64-pc-linux-gnu/8.2.0]
    arg [-L/usr/lib/gcc/x86_64-pc-linux-gnu/8.2.0/../../../../lib64] ==> dir [/usr/lib/gcc/x86_64-pc-linux-gnu/8.2.0/../../../../lib64]
    arg [-L/lib/../lib64] ==> dir [/lib/../lib64]
    arg [-L/usr/lib/../lib64] ==> dir [/usr/lib/../lib64]
    arg [-L/usr/lib/gcc/x86_64-pc-linux-gnu/8.2.0/../../../../x86_64-pc-linux-gnu/lib] ==> dir [/usr/lib/gcc/x86_64-pc-linux-gnu/8.2.0/../../../../x86_64-pc-linux-gnu/lib]
    arg [-L/usr/lib/gcc/x86_64-pc-linux-gnu/8.2.0/../../..] ==> dir [/usr/lib/gcc/x86_64-pc-linux-gnu/8.2.0/../../..]
    arg [CMakeFiles/cmTC_08063.dir/CMakeCCompilerABI.c.o] ==> ignore
    arg [-lgcc] ==> lib [gcc]
    arg [--as-needed] ==> ignore
    arg [-lgcc_s] ==> lib [gcc_s]
    arg [--no-as-needed] ==> ignore
    arg [-lc] ==> lib [c]
    arg [-lgcc] ==> lib [gcc]
    arg [--as-needed] ==> ignore
    arg [-lgcc_s] ==> lib [gcc_s]
    arg [--no-as-needed] ==> ignore
    arg [/usr/lib/gcc/x86_64-pc-linux-gnu/8.2.0/crtendS.o] ==> ignore
    arg [/usr/lib/gcc/x86_64-pc-linux-gnu/8.2.0/../../../../lib64/crtn.o] ==> ignore
  collapse library dir [/usr/lib/gcc/x86_64-pc-linux-gnu/8.2.0] ==> [/usr/lib/gcc/x86_64-pc-linux-gnu/8.2.0]
  collapse library dir [/usr/lib/gcc/x86_64-pc-linux-gnu/8.2.0/../../../../lib64] ==> [/usr/lib64]
  collapse library dir [/lib/../lib64] ==> [/lib64]
  collapse library dir [/usr/lib/../lib64] ==> [/usr/lib64]
  collapse library dir [/usr/lib/gcc/x86_64-pc-linux-gnu/8.2.0/../../../../x86_64-pc-linux-gnu/lib] ==> [/usr/x86_64-pc-linux-gnu/lib]
  collapse library dir [/usr/lib/gcc/x86_64-pc-linux-gnu/8.2.0/../../..] ==> [/usr/lib]
  implicit libs: [gcc;gcc_s;c;gcc;gcc_s]
  implicit dirs: [/usr/lib/gcc/x86_64-pc-linux-gnu/8.2.0;/usr/lib64;/lib64;/usr/x86_64-pc-linux-gnu/lib;/usr/lib]
  implicit fwks: []




Detecting C [-std=c11] compiler features compiled with the following output:
Change Dir: /home/lukas/Projects/GraphContractor/build/deps/fmt/src/fmt-project-build/CMakeFiles/CMakeTmp

Run Build Command(s):/usr/bin/gmake cmTC_27a71/fast 
gmake[3]: Verzeichnis „/home/lukas/Projects/GraphContractor/build/deps/fmt/src/fmt-project-build/CMakeFiles/CMakeTmp“ wird betreten
/usr/bin/gmake -f CMakeFiles/cmTC_27a71.dir/build.make CMakeFiles/cmTC_27a71.dir/build
gmake[4]: Verzeichnis „/home/lukas/Projects/GraphContractor/build/deps/fmt/src/fmt-project-build/CMakeFiles/CMakeTmp“ wird betreten
Building C object CMakeFiles/cmTC_27a71.dir/feature_tests.c.o
/usr/bin/cc   -std=c11 -o CMakeFiles/cmTC_27a71.dir/feature_tests.c.o   -c /home/lukas/Projects/GraphContractor/build/deps/fmt/src/fmt-project-build/CMakeFiles/feature_tests.c
Linking C executable cmTC_27a71
/usr/bin/cmake -E cmake_link_script CMakeFiles/cmTC_27a71.dir/link.txt --verbose=1
/usr/bin/cc      CMakeFiles/cmTC_27a71.dir/feature_tests.c.o  -o cmTC_27a71 
gmake[4]: Verzeichnis „/home/lukas/Projects/GraphContractor/build/deps/fmt/src/fmt-project-build/CMakeFiles/CMakeTmp“ wird verlassen
gmake[3]: Verzeichnis „/home/lukas/Projects/GraphContractor/build/deps/fmt/src/fmt-project-build/CMakeFiles/CMakeTmp“ wird verlassen


    Feature record: C_FEATURE:1c_function_prototypes
    Feature record: C_FEATURE:1c_restrict
    Feature record: C_FEATURE:1c_static_assert
    Feature record: C_FEATURE:1c_variadic_macros


Detecting C [-std=c99] compiler features compiled with the following output:
Change Dir: /home/lukas/Projects/GraphContractor/build/deps/fmt/src/fmt-project-build/CMakeFiles/CMakeTmp

Run Build Command(s):/usr/bin/gmake cmTC_5d740/fast 
gmake[3]: Verzeichnis „/home/lukas/Projects/GraphContractor/build/deps/fmt/src/fmt-project-build/CMakeFiles/CMakeTmp“ wird betreten
/usr/bin/gmake -f CMakeFiles/cmTC_5d740.dir/build.make CMakeFiles/cmTC_5d740.dir/build
gmake[4]: Verzeichnis „/home/lukas/Projects/GraphContractor/build/deps/fmt/src/fmt-project-build/CMakeFiles/CMakeTmp“ wird betreten
Building C object CMakeFiles/cmTC_5d740.dir/feature_tests.c.o
/usr/bin/cc   -std=c99 -o CMakeFiles/cmTC_5d740.dir/feature_tests.c.o   -c /home/lukas/Projects/GraphContractor/build/deps/fmt/src/fmt-project-build/CMakeFiles/feature_tests.c
Linking C executable cmTC_5d740
/usr/bin/cmake -E cmake_link_script CMakeFiles/cmTC_5d740.dir/link.txt --verbose=1
/usr/bin/cc      CMakeFiles/cmTC_5d740.dir/feature_tests.c.o  -o cmTC_5d740 
gmake[4]: Verzeichnis „/home/lukas/Projects/GraphContractor/build/deps/fmt/src/fmt-project-build/CMakeFiles/CMakeTmp“ wird verlassen
gmake[3]: Verzeichnis „/home/lukas/Projects/GraphContractor/build/deps/fmt/src/fmt-project-build/CMakeFiles/CMakeTmp“ wird verlassen


    Feature record: C_FEATURE:1c_function_prototypes
    Feature record: C_FEATURE:1c_restrict
    Feature record: C_FEATURE:0c_static_assert
    Feature record: C_FEATURE:1c_variadic_macros


Detecting C [-std=c90] compiler features compiled with the following output:
Change Dir: /home/lukas/Projects/GraphContractor/build/deps/fmt/src/fmt-project-build/CMakeFiles/CMakeTmp

Run Build Command(s):/usr/bin/gmake cmTC_aa408/fast 
gmake[3]: Verzeichnis „/home/lukas/Projects/GraphContractor/build/deps/fmt/src/fmt-project-build/CMakeFiles/CMakeTmp“ wird betreten
/usr/bin/gmake -f CMakeFiles/cmTC_aa408.dir/build.make CMakeFiles/cmTC_aa408.dir/build
gmake[4]: Verzeichnis „/home/lukas/Projects/GraphContractor/build/deps/fmt/src/fmt-project-build/CMakeFiles/CMakeTmp“ wird betreten
Building C object CMakeFiles/cmTC_aa408.dir/feature_tests.c.o
/usr/bin/cc   -std=c90 -o CMakeFiles/cmTC_aa408.dir/feature_tests.c.o   -c /home/lukas/Projects/GraphContractor/build/deps/fmt/src/fmt-project-build/CMakeFiles/feature_tests.c
Linking C executable cmTC_aa408
/usr/bin/cmake -E cmake_link_script CMakeFiles/cmTC_aa408.dir/link.txt --verbose=1
/usr/bin/cc      CMakeFiles/cmTC_aa408.dir/feature_tests.c.o  -o cmTC_aa408 
gmake[4]: Verzeichnis „/home/lukas/Projects/GraphContractor/build/deps/fmt/src/fmt-project-build/CMakeFiles/CMakeTmp“ wird verlassen
gmake[3]: Verzeichnis „/home/lukas/Projects/GraphContractor/build/deps/fmt/src/fmt-project-build/CMakeFiles/CMakeTmp“ wird verlassen


    Feature record: C_FEATURE:1c_function_prototypes
    Feature record: C_FEATURE:0c_restrict
    Feature record: C_FEATURE:0c_static_assert
    Feature record: C_FEATURE:0c_variadic_macros
Determining if the CXX compiler works passed with the following output:
Change Dir: /home/lukas/Projects/GraphContractor/build/deps/fmt/src/fmt-project-build/CMakeFiles/CMakeTmp

Run Build Command(s):/usr/bin/gmake cmTC_ffd39/fast 
gmake[3]: Verzeichnis „/home/lukas/Projects/GraphContractor/build/deps/fmt/src/fmt-project-build/CMakeFiles/CMakeTmp“ wird betreten
/usr/bin/gmake -f CMakeFiles/cmTC_ffd39.dir/build.make CMakeFiles/cmTC_ffd39.dir/build
gmake[4]: Verzeichnis „/home/lukas/Projects/GraphContractor/build/deps/fmt/src/fmt-project-build/CMakeFiles/CMakeTmp“ wird betreten
Building CXX object CMakeFiles/cmTC_ffd39.dir/testCXXCompiler.cxx.o
/usr/bin/c++     -o CMakeFiles/cmTC_ffd39.dir/testCXXCompiler.cxx.o -c /home/lukas/Projects/GraphContractor/build/deps/fmt/src/fmt-project-build/CMakeFiles/CMakeTmp/testCXXCompiler.cxx
Linking CXX executable cmTC_ffd39
/usr/bin/cmake -E cmake_link_script CMakeFiles/cmTC_ffd39.dir/link.txt --verbose=1
/usr/bin/c++       CMakeFiles/cmTC_ffd39.dir/testCXXCompiler.cxx.o  -o cmTC_ffd39 
gmake[4]: Verzeichnis „/home/lukas/Projects/GraphContractor/build/deps/fmt/src/fmt-project-build/CMakeFiles/CMakeTmp“ wird verlassen
gmake[3]: Verzeichnis „/home/lukas/Projects/GraphContractor/build/deps/fmt/src/fmt-project-build/CMakeFiles/CMakeTmp“ wird verlassen


Detecting CXX compiler ABI info compiled with the following output:
Change Dir: /home/lukas/Projects/GraphContractor/build/deps/fmt/src/fmt-project-build/CMakeFiles/CMakeTmp

Run Build Command(s):/usr/bin/gmake cmTC_f2d19/fast 
gmake[3]: Entering directory '/home/lukas/Projects/GraphContractor/build/deps/fmt/src/fmt-project-build/CMakeFiles/CMakeTmp'
/usr/bin/gmake -f CMakeFiles/cmTC_f2d19.dir/build.make CMakeFiles/cmTC_f2d19.dir/build
gmake[4]: Entering directory '/home/lukas/Projects/GraphContractor/build/deps/fmt/src/fmt-project-build/CMakeFiles/CMakeTmp'
Building CXX object CMakeFiles/cmTC_f2d19.dir/CMakeCXXCompilerABI.cpp.o
/usr/bin/c++    -v -o CMakeFiles/cmTC_f2d19.dir/CMakeCXXCompilerABI.cpp.o -c /usr/share/cmake/Modules/CMakeCXXCompilerABI.cpp
Using built-in specs.
COLLECT_GCC=/usr/bin/c++
Target: x86_64-pc-linux-gnu
Configured with: /var/tmp/portage/sys-devel/gcc-8.2.0-r6/work/gcc-8.2.0/configure --host=x86_64-pc-linux-gnu --build=x86_64-pc-linux-gnu --prefix=/usr --bindir=/usr/x86_64-pc-linux-gnu/gcc-bin/8.2.0 --includedir=/usr/lib/gcc/x86_64-pc-linux-gnu/8.2.0/include --datadir=/usr/share/gcc-data/x86_64-pc-linux-gnu/8.2.0 --mandir=/usr/share/gcc-data/x86_64-pc-linux-gnu/8.2.0/man --infodir=/usr/share/gcc-data/x86_64-pc-linux-gnu/8.2.0/info --with-gxx-include-dir=/usr/lib/gcc/x86_64-pc-linux-gnu/8.2.0/include/g++-v8 --with-python-dir=/share/gcc-data/x86_64-pc-linux-gnu/8.2.0/python --enable-languages=c,c++,fortran --enable-obsolete --enable-secureplt --disable-werror --with-system-zlib --enable-nls --without-included-gettext --enable-checking=release --with-bugurl=https://bugs.gentoo.org/ --with-pkgversion='Gentoo 8.2.0-r6 p1.7' --disable-esp --enable-libstdcxx-time --enable-shared --enable-threads=posix --enable-__cxa_atexit --enable-clocale=gnu --enable-multilib --with-multilib-list=m32,m64 --disable-altivec --disable-fixed-point --enable-targets=all --enable-libgomp --disable-libmudflap --disable-libssp --disable-libmpx --disable-systemtap --enable-vtable-verify --enable-lto --without-isl --enable-default-pie --enable-default-ssp
Thread model: posix
gcc version 8.2.0 (Gentoo 8.2.0-r6 p1.7) 
COLLECT_GCC_OPTIONS='-v' '-o' 'CMakeFiles/cmTC_f2d19.dir/CMakeCXXCompilerABI.cpp.o' '-c' '-shared-libgcc' '-mtune=generic' '-march=x86-64'
 /usr/libexec/gcc/x86_64-pc-linux-gnu/8.2.0/cc1plus -quiet -v -D_GNU_SOURCE /usr/share/cmake/Modules/CMakeCXXCompilerABI.cpp -quiet -dumpbase CMakeCXXCompilerABI.cpp -mtune=generic -march=x86-64 -auxbase-strip CMakeFiles/cmTC_f2d19.dir/CMakeCXXCompilerABI.cpp.o -version -o /tmp/ccxvvTWw.s
GNU C++14 (Gentoo 8.2.0-r6 p1.7) version 8.2.0 (x86_64-pc-linux-gnu)
	compiled by GNU C version 8.2.0, GMP version 6.1.2, MPFR version 3.1.6, MPC version 1.0.3, isl version none
GGC heuristics: --param ggc-min-expand=100 --param ggc-min-heapsize=131072
ignoring nonexistent directory "/usr/local/include"
ignoring nonexistent directory "/usr/lib/gcc/x86_64-pc-linux-gnu/8.2.0/../../../../x86_64-pc-linux-gnu/include"
#include "..." search starts here:
#include <...> search starts here:
 /usr/lib/gcc/x86_64-pc-linux-gnu/8.2.0/include/g++-v8
 /usr/lib/gcc/x86_64-pc-linux-gnu/8.2.0/include/g++-v8/x86_64-pc-linux-gnu
 /usr/lib/gcc/x86_64-pc-linux-gnu/8.2.0/include/g++-v8/backward
 /usr/lib/gcc/x86_64-pc-linux-gnu/8.2.0/include
 /usr/lib/gcc/x86_64-pc-linux-gnu/8.2.0/include-fixed
 /usr/include
End of search list.
GNU C++14 (Gentoo 8.2.0-r6 p1.7) version 8.2.0 (x86_64-pc-linux-gnu)
	compiled by GNU C version 8.2.0, GMP version 6.1.2, MPFR version 3.1.6, MPC version 1.0.3, isl version none
GGC heuristics: --param ggc-min-expand=100 --param ggc-min-heapsize=131072
Compiler executable checksum: b94a2e4da6931f4f060f20cedd2451c9
COLLECT_GCC_OPTIONS='-v' '-o' 'CMakeFiles/cmTC_f2d19.dir/CMakeCXXCompilerABI.cpp.o' '-c' '-shared-libgcc' '-mtune=generic' '-march=x86-64'
 /usr/lib/gcc/x86_64-pc-linux-gnu/8.2.0/../../../../x86_64-pc-linux-gnu/bin/as -v --64 -o CMakeFiles/cmTC_f2d19.dir/CMakeCXXCompilerABI.cpp.o /tmp/ccxvvTWw.s
GNU assembler version 2.31.1 (x86_64-pc-linux-gnu) using BFD version (Gentoo 2.31.1 p7) 2.31.1
COMPILER_PATH=/usr/libexec/gcc/x86_64-pc-linux-gnu/8.2.0/:/usr/libexec/gcc/x86_64-pc-linux-gnu/8.2.0/:/usr/libexec/gcc/x86_64-pc-linux-gnu/:/usr/lib/gcc/x86_64-pc-linux-gnu/8.2.0/:/usr/lib/gcc/x86_64-pc-linux-gnu/:/usr/lib/gcc/x86_64-pc-linux-gnu/8.2.0/../../../../x86_64-pc-linux-gnu/bin/
LIBRARY_PATH=/usr/lib/gcc/x86_64-pc-linux-gnu/8.2.0/:/usr/lib/gcc/x86_64-pc-linux-gnu/8.2.0/../../../../lib64/:/lib/../lib64/:/usr/lib/../lib64/:/usr/lib/gcc/x86_64-pc-linux-gnu/8.2.0/../../../../x86_64-pc-linux-gnu/lib/:/usr/lib/gcc/x86_64-pc-linux-gnu/8.2.0/../../../:/lib/:/usr/lib/
COLLECT_GCC_OPTIONS='-v' '-o' 'CMakeFiles/cmTC_f2d19.dir/CMakeCXXCompilerABI.cpp.o' '-c' '-shared-libgcc' '-mtune=generic' '-march=x86-64'
Linking CXX executable cmTC_f2d19
/usr/bin/cmake -E cmake_link_script CMakeFiles/cmTC_f2d19.dir/link.txt --verbose=1
/usr/bin/c++      -v CMakeFiles/cmTC_f2d19.dir/CMakeCXXCompilerABI.cpp.o  -o cmTC_f2d19 
Using built-in specs.
COLLECT_GCC=/usr/bin/c++
COLLECT_LTO_WRAPPER=/usr/libexec/gcc/x86_64-pc-linux-gnu/8.2.0/lto-wrapper
Target: x86_64-pc-linux-gnu
Configured with: /var/tmp/portage/sys-devel/gcc-8.2.0-r6/work/gcc-8.2.0/configure --host=x86_64-pc-linux-gnu --build=x86_64-pc-linux-gnu --prefix=/usr --bindir=/usr/x86_64-pc-linux-gnu/gcc-bin/8.2.0 --includedir=/usr/lib/gcc/x86_64-pc-linux-gnu/8.2.0/include --datadir=/usr/share/gcc-data/x86_64-pc-linux-gnu/8.2.0 --mandir=/usr/share/gcc-data/x86_64-pc-linux-gnu/8.2.0/man --infodir=/usr/share/gcc-data/x86_64-pc-linux-gnu/8.2.0/info --with-gxx-include-dir=/usr/lib/gcc/x86_64-pc-linux-gnu/8.2.0/include/g++-v8 --with-python-dir=/share/gcc-data/x86_64-pc-linux-gnu/8.2.0/python --enable-languages=c,c++,fortran --enable-obsolete --enable-secureplt --disable-werror --with-system-zlib --enable-nls --without-included-gettext --enable-checking=release --with-bugurl=https://bugs.gentoo.org/ --with-pkgversion='Gentoo 8.2.0-r6 p1.7' --disable-esp --enable-libstdcxx-time --enable-shared --enable-threads=posix --enable-__cxa_atexit --enable-clocale=gnu --enable-multilib --with-multilib-list=m32,m64 --disable-altivec --disable-fixed-point --enable-targets=all --enable-libgomp --disable-libmudflap --disable-libssp --disable-libmpx --disable-systemtap --enable-vtable-verify --enable-lto --without-isl --enable-default-pie --enable-default-ssp
Thread model: posix
gcc version 8.2.0 (Gentoo 8.2.0-r6 p1.7) 
COMPILER_PATH=/usr/libexec/gcc/x86_64-pc-linux-gnu/8.2.0/:/usr/libexec/gcc/x86_64-pc-linux-gnu/8.2.0/:/usr/libexec/gcc/x86_64-pc-linux-gnu/:/usr/lib/gcc/x86_64-pc-linux-gnu/8.2.0/:/usr/lib/gcc/x86_64-pc-linux-gnu/:/usr/lib/gcc/x86_64-pc-linux-gnu/8.2.0/../../../../x86_64-pc-linux-gnu/bin/
LIBRARY_PATH=/usr/lib/gcc/x86_64-pc-linux-gnu/8.2.0/:/usr/lib/gcc/x86_64-pc-linux-gnu/8.2.0/../../../../lib64/:/lib/../lib64/:/usr/lib/../lib64/:/usr/lib/gcc/x86_64-pc-linux-gnu/8.2.0/../../../../x86_64-pc-linux-gnu/lib/:/usr/lib/gcc/x86_64-pc-linux-gnu/8.2.0/../../../:/lib/:/usr/lib/
COLLECT_GCC_OPTIONS='-v' '-o' 'cmTC_f2d19' '-shared-libgcc' '-mtune=generic' '-march=x86-64'
 /usr/libexec/gcc/x86_64-pc-linux-gnu/8.2.0/collect2 -plugin /usr/libexec/gcc/x86_64-pc-linux-gnu/8.2.0/liblto_plugin.so -plugin-opt=/usr/libexec/gcc/x86_64-pc-linux-gnu/8.2.0/lto-wrapper -plugin-opt=-fresolution=/tmp/ccR8zOIy.res -plugin-opt=-pass-through=-lgcc_s -plugin-opt=-pass-through=-lgcc -plugin-opt=-pass-through=-lc -plugin-opt=-pass-through=-lgcc_s -plugin-opt=-pass-through=-lgcc --eh-frame-hdr -m elf_x86_64 -dynamic-linker /lib64/ld-linux-x86-64.so.2 -pie -o cmTC_f2d19 /usr/lib/gcc/x86_64-pc-linux-gnu/8.2.0/../../../../lib64/Scrt1.o /usr/lib/gcc/x86_64-pc-linux-gnu/8.2.0/../../../../lib64/crti.o /usr/lib/gcc/x86_64-pc-linux-gnu/8.2.0/crtbeginS.o -L/usr/lib/gcc/x86_64-pc-linux-gnu/8.2.0 -L/usr/lib/gcc/x86_64-pc-linux-gnu/8.2.0/../../../../lib64 -L/lib/../lib64 -L/usr/lib/../lib64 -L/usr/lib/gcc/x86_64-pc-linux-gnu/8.2.0/../../../../x86_64-pc-linux-gnu/lib -L/usr/lib/gcc/x86_64-pc-linux-gnu/8.2.0/../../.. CMakeFiles/cmTC_f2d19.dir/CMakeCXXCompilerABI.cpp.o -lstdc++ -lm -lgcc_s -lgcc -lc -lgcc_s -lgcc /usr/lib/gcc/x86_64-pc-linux-gnu/8.2.0/crtendS.o /usr/lib/gcc/x86_64-pc-linux-gnu/8.2.0/../../../../lib64/crtn.o
COLLECT_GCC_OPTIONS='-v' '-o' 'cmTC_f2d19' '-shared-libgcc' '-mtune=generic' '-march=x86-64'
gmake[4]: Leaving directory '/home/lukas/Projects/GraphContractor/build/deps/fmt/src/fmt-project-build/CMakeFiles/CMakeTmp'
gmake[3]: Leaving directory '/home/lukas/Projects/GraphContractor/build/deps/fmt/src/fmt-project-build/CMakeFiles/CMakeTmp'


Parsed CXX implicit include dir info from above output: rv=done
  found start of include info
  found start of implicit include info
    add: [/usr/lib/gcc/x86_64-pc-linux-gnu/8.2.0/include/g++-v8]
    add: [/usr/lib/gcc/x86_64-pc-linux-gnu/8.2.0/include/g++-v8/x86_64-pc-linux-gnu]
    add: [/usr/lib/gcc/x86_64-pc-linux-gnu/8.2.0/include/g++-v8/backward]
    add: [/usr/lib/gcc/x86_64-pc-linux-gnu/8.2.0/include]
    add: [/usr/lib/gcc/x86_64-pc-linux-gnu/8.2.0/include-fixed]
    add: [/usr/include]
  end of search list found
  collapse include dir [/usr/lib/gcc/x86_64-pc-linux-gnu/8.2.0/include/g++-v8] ==> [/usr/lib/gcc/x86_64-pc-linux-gnu/8.2.0/include/g++-v8]
  collapse include dir [/usr/lib/gcc/x86_64-pc-linux-gnu/8.2.0/include/g++-v8/x86_64-pc-linux-gnu] ==> [/usr/lib/gcc/x86_64-pc-linux-gnu/8.2.0/include/g++-v8/x86_64-pc-linux-gnu]
  collapse include dir [/usr/lib/gcc/x86_64-pc-linux-gnu/8.2.0/include/g++-v8/backward] ==> [/usr/lib/gcc/x86_64-pc-linux-gnu/8.2.0/include/g++-v8/backward]
  collapse include dir [/usr/lib/gcc/x86_64-pc-linux-gnu/8.2.0/include] ==> [/usr/lib/gcc/x86_64-pc-linux-gnu/8.2.0/include]
  collapse include dir [/usr/lib/gcc/x86_64-pc-linux-gnu/8.2.0/include-fixed] ==> [/usr/lib/gcc/x86_64-pc-linux-gnu/8.2.0/include-fixed]
  collapse include dir [/usr/include] ==> [/usr/include]
  implicit include dirs: [/usr/lib/gcc/x86_64-pc-linux-gnu/8.2.0/include/g++-v8;/usr/lib/gcc/x86_64-pc-linux-gnu/8.2.0/include/g++-v8/x86_64-pc-linux-gnu;/usr/lib/gcc/x86_64-pc-linux-gnu/8.2.0/include/g++-v8/backward;/usr/lib/gcc/x86_64-pc-linux-gnu/8.2.0/include;/usr/lib/gcc/x86_64-pc-linux-gnu/8.2.0/include-fixed;/usr/include]


Parsed CXX implicit link information from above output:
  link line regex: [^( *|.*[/\])(ld|CMAKE_LINK_STARTFILE-NOTFOUND|([^/\]+-)?ld|collect2)[^/\]*( |$)]
  ignore line: [Change Dir: /home/lukas/Projects/GraphContractor/build/deps/fmt/src/fmt-project-build/CMakeFiles/CMakeTmp]
  ignore line: []
  ignore line: [Run Build Command(s):/usr/bin/gmake cmTC_f2d19/fast ]
  ignore line: [gmake[3]: Entering directory '/home/lukas/Projects/GraphContractor/build/deps/fmt/src/fmt-project-build/CMakeFiles/CMakeTmp']
  ignore line: [/usr/bin/gmake -f CMakeFiles/cmTC_f2d19.dir/build.make CMakeFiles/cmTC_f2d19.dir/build]
  ignore line: [gmake[4]: Entering directory '/home/lukas/Projects/GraphContractor/build/deps/fmt/src/fmt-project-build/CMakeFiles/CMakeTmp']
  ignore line: [Building CXX object CMakeFiles/cmTC_f2d19.dir/CMakeCXXCompilerABI.cpp.o]
  ignore line: [/usr/bin/c++    -v -o CMakeFiles/cmTC_f2d19.dir/CMakeCXXCompilerABI.cpp.o -c /usr/share/cmake/Modules/CMakeCXXCompilerABI.cpp]
  ignore line: [Using built-in specs.]
  ignore line: [COLLECT_GCC=/usr/bin/c++]
  ignore line: [Target: x86_64-pc-linux-gnu]
  ignore line: [Configured with: /var/tmp/portage/sys-devel/gcc-8.2.0-r6/work/gcc-8.2.0/configure --host=x86_64-pc-linux-gnu --build=x86_64-pc-linux-gnu --prefix=/usr --bindir=/usr/x86_64-pc-linux-gnu/gcc-bin/8.2.0 --includedir=/usr/lib/gcc/x86_64-pc-linux-gnu/8.2.0/include --datadir=/usr/share/gcc-data/x86_64-pc-linux-gnu/8.2.0 --mandir=/usr/share/gcc-data/x86_64-pc-linux-gnu/8.2.0/man --infodir=/usr/share/gcc-data/x86_64-pc-linux-gnu/8.2.0/info --with-gxx-include-dir=/usr/lib/gcc/x86_64-pc-linux-gnu/8.2.0/include/g++-v8 --with-python-dir=/share/gcc-data/x86_64-pc-linux-gnu/8.2.0/python --enable-languages=c,c++,fortran --enable-obsolete --enable-secureplt --disable-werror --with-system-zlib --enable-nls --without-included-gettext --enable-checking=release --with-bugurl=https://bugs.gentoo.org/ --with-pkgversion='Gentoo 8.2.0-r6 p1.7' --disable-esp --enable-libstdcxx-time --enable-shared --enable-threads=posix --enable-__cxa_atexit --enable-clocale=gnu --enable-multilib --with-multilib-list=m32,m64 --disable-altivec --disable-fixed-point --enable-targets=all --enable-libgomp --disable-libmudflap --disable-libssp --disable-libmpx --disable-systemtap --enable-vtable-verify --enable-lto --without-isl --enable-default-pie --enable-default-ssp]
  ignore line: [Thread model: posix]
  ignore line: [gcc version 8.2.0 (Gentoo 8.2.0-r6 p1.7) ]
  ignore line: [COLLECT_GCC_OPTIONS='-v' '-o' 'CMakeFiles/cmTC_f2d19.dir/CMakeCXXCompilerABI.cpp.o' '-c' '-shared-libgcc' '-mtune=generic' '-march=x86-64']
  ignore line: [ /usr/libexec/gcc/x86_64-pc-linux-gnu/8.2.0/cc1plus -quiet -v -D_GNU_SOURCE /usr/share/cmake/Modules/CMakeCXXCompilerABI.cpp -quiet -dumpbase CMakeCXXCompilerABI.cpp -mtune=generic -march=x86-64 -auxbase-strip CMakeFiles/cmTC_f2d19.dir/CMakeCXXCompilerABI.cpp.o -version -o /tmp/ccxvvTWw.s]
  ignore line: [GNU C++14 (Gentoo 8.2.0-r6 p1.7) version 8.2.0 (x86_64-pc-linux-gnu)]
  ignore line: [	compiled by GNU C version 8.2.0, GMP version 6.1.2, MPFR version 3.1.6, MPC version 1.0.3, isl version none]
  ignore line: [GGC heuristics: --param ggc-min-expand=100 --param ggc-min-heapsize=131072]
  ignore line: [ignoring nonexistent directory "/usr/local/include"]
  ignore line: [ignoring nonexistent directory "/usr/lib/gcc/x86_64-pc-linux-gnu/8.2.0/../../../../x86_64-pc-linux-gnu/include"]
  ignore line: [#include "..." search starts here:]
  ignore line: [#include <...> search starts here:]
  ignore line: [ /usr/lib/gcc/x86_64-pc-linux-gnu/8.2.0/include/g++-v8]
  ignore line: [ /usr/lib/gcc/x86_64-pc-linux-gnu/8.2.0/include/g++-v8/x86_64-pc-linux-gnu]
  ignore line: [ /usr/lib/gcc/x86_64-pc-linux-gnu/8.2.0/include/g++-v8/backward]
  ignore line: [ /usr/lib/gcc/x86_64-pc-linux-gnu/8.2.0/include]
  ignore line: [ /usr/lib/gcc/x86_64-pc-linux-gnu/8.2.0/include-fixed]
  ignore line: [ /usr/include]
  ignore line: [End of search list.]
  ignore line: [GNU C++14 (Gentoo 8.2.0-r6 p1.7) version 8.2.0 (x86_64-pc-linux-gnu)]
  ignore line: [	compiled by GNU C version 8.2.0, GMP version 6.1.2, MPFR version 3.1.6, MPC version 1.0.3, isl version none]
  ignore line: [GGC heuristics: --param ggc-min-expand=100 --param ggc-min-heapsize=131072]
  ignore line: [Compiler executable checksum: b94a2e4da6931f4f060f20cedd2451c9]
  ignore line: [COLLECT_GCC_OPTIONS='-v' '-o' 'CMakeFiles/cmTC_f2d19.dir/CMakeCXXCompilerABI.cpp.o' '-c' '-shared-libgcc' '-mtune=generic' '-march=x86-64']
  ignore line: [ /usr/lib/gcc/x86_64-pc-linux-gnu/8.2.0/../../../../x86_64-pc-linux-gnu/bin/as -v --64 -o CMakeFiles/cmTC_f2d19.dir/CMakeCXXCompilerABI.cpp.o /tmp/ccxvvTWw.s]
  ignore line: [GNU assembler version 2.31.1 (x86_64-pc-linux-gnu) using BFD version (Gentoo 2.31.1 p7) 2.31.1]
  ignore line: [COMPILER_PATH=/usr/libexec/gcc/x86_64-pc-linux-gnu/8.2.0/:/usr/libexec/gcc/x86_64-pc-linux-gnu/8.2.0/:/usr/libexec/gcc/x86_64-pc-linux-gnu/:/usr/lib/gcc/x86_64-pc-linux-gnu/8.2.0/:/usr/lib/gcc/x86_64-pc-linux-gnu/:/usr/lib/gcc/x86_64-pc-linux-gnu/8.2.0/../../../../x86_64-pc-linux-gnu/bin/]
  ignore line: [LIBRARY_PATH=/usr/lib/gcc/x86_64-pc-linux-gnu/8.2.0/:/usr/lib/gcc/x86_64-pc-linux-gnu/8.2.0/../../../../lib64/:/lib/../lib64/:/usr/lib/../lib64/:/usr/lib/gcc/x86_64-pc-linux-gnu/8.2.0/../../../../x86_64-pc-linux-gnu/lib/:/usr/lib/gcc/x86_64-pc-linux-gnu/8.2.0/../../../:/lib/:/usr/lib/]
  ignore line: [COLLECT_GCC_OPTIONS='-v' '-o' 'CMakeFiles/cmTC_f2d19.dir/CMakeCXXCompilerABI.cpp.o' '-c' '-shared-libgcc' '-mtune=generic' '-march=x86-64']
  ignore line: [Linking CXX executable cmTC_f2d19]
  ignore line: [/usr/bin/cmake -E cmake_link_script CMakeFiles/cmTC_f2d19.dir/link.txt --verbose=1]
  ignore line: [/usr/bin/c++      -v CMakeFiles/cmTC_f2d19.dir/CMakeCXXCompilerABI.cpp.o  -o cmTC_f2d19 ]
  ignore line: [Using built-in specs.]
  ignore line: [COLLECT_GCC=/usr/bin/c++]
  ignore line: [COLLECT_LTO_WRAPPER=/usr/libexec/gcc/x86_64-pc-linux-gnu/8.2.0/lto-wrapper]
  ignore line: [Target: x86_64-pc-linux-gnu]
  ignore line: [Configured with: /var/tmp/portage/sys-devel/gcc-8.2.0-r6/work/gcc-8.2.0/configure --host=x86_64-pc-linux-gnu --build=x86_64-pc-linux-gnu --prefix=/usr --bindir=/usr/x86_64-pc-linux-gnu/gcc-bin/8.2.0 --includedir=/usr/lib/gcc/x86_64-pc-linux-gnu/8.2.0/include --datadir=/usr/share/gcc-data/x86_64-pc-linux-gnu/8.2.0 --mandir=/usr/share/gcc-data/x86_64-pc-linux-gnu/8.2.0/man --infodir=/usr/share/gcc-data/x86_64-pc-linux-gnu/8.2.0/info --with-gxx-include-dir=/usr/lib/gcc/x86_64-pc-linux-gnu/8.2.0/include/g++-v8 --with-python-dir=/share/gcc-data/x86_64-pc-linux-gnu/8.2.0/python --enable-languages=c,c++,fortran --enable-obsolete --enable-secureplt --disable-werror --with-system-zlib --enable-nls --without-included-gettext --enable-checking=release --with-bugurl=https://bugs.gentoo.org/ --with-pkgversion='Gentoo 8.2.0-r6 p1.7' --disable-esp --enable-libstdcxx-time --enable-shared --enable-threads=posix --enable-__cxa_atexit --enable-clocale=gnu --enable-multilib --with-multilib-list=m32,m64 --disable-altivec --disable-fixed-point --enable-targets=all --enable-libgomp --disable-libmudflap --disable-libssp --disable-libmpx --disable-systemtap --enable-vtable-verify --enable-lto --without-isl --enable-default-pie --enable-default-ssp]
  ignore line: [Thread model: posix]
  ignore line: [gcc version 8.2.0 (Gentoo 8.2.0-r6 p1.7) ]
  ignore line: [COMPILER_PATH=/usr/libexec/gcc/x86_64-pc-linux-gnu/8.2.0/:/usr/libexec/gcc/x86_64-pc-linux-gnu/8.2.0/:/usr/libexec/gcc/x86_64-pc-linux-gnu/:/usr/lib/gcc/x86_64-pc-linux-gnu/8.2.0/:/usr/lib/gcc/x86_64-pc-linux-gnu/:/usr/lib/gcc/x86_64-pc-linux-gnu/8.2.0/../../../../x86_64-pc-linux-gnu/bin/]
  ignore line: [LIBRARY_PATH=/usr/lib/gcc/x86_64-pc-linux-gnu/8.2.0/:/usr/lib/gcc/x86_64-pc-linux-gnu/8.2.0/../../../../lib64/:/lib/../lib64/:/usr/lib/../lib64/:/usr/lib/gcc/x86_64-pc-linux-gnu/8.2.0/../../../../x86_64-pc-linux-gnu/lib/:/usr/lib/gcc/x86_64-pc-linux-gnu/8.2.0/../../../:/lib/:/usr/lib/]
  ignore line: [COLLECT_GCC_OPTIONS='-v' '-o' 'cmTC_f2d19' '-shared-libgcc' '-mtune=generic' '-march=x86-64']
  link line: [ /usr/libexec/gcc/x86_64-pc-linux-gnu/8.2.0/collect2 -plugin /usr/libexec/gcc/x86_64-pc-linux-gnu/8.2.0/liblto_plugin.so -plugin-opt=/usr/libexec/gcc/x86_64-pc-linux-gnu/8.2.0/lto-wrapper -plugin-opt=-fresolution=/tmp/ccR8zOIy.res -plugin-opt=-pass-through=-lgcc_s -plugin-opt=-pass-through=-lgcc -plugin-opt=-pass-through=-lc -plugin-opt=-pass-through=-lgcc_s -plugin-opt=-pass-through=-lgcc --eh-frame-hdr -m elf_x86_64 -dynamic-linker /lib64/ld-linux-x86-64.so.2 -pie -o cmTC_f2d19 /usr/lib/gcc/x86_64-pc-linux-gnu/8.2.0/../../../../lib64/Scrt1.o /usr/lib/gcc/x86_64-pc-linux-gnu/8.2.0/../../../../lib64/crti.o /usr/lib/gcc/x86_64-pc-linux-gnu/8.2.0/crtbeginS.o -L/usr/lib/gcc/x86_64-pc-linux-gnu/8.2.0 -L/usr/lib/gcc/x86_64-pc-linux-gnu/8.2.0/../../../../lib64 -L/lib/../lib64 -L/usr/lib/../lib64 -L/usr/lib/gcc/x86_64-pc-linux-gnu/8.2.0/../../../../x86_64-pc-linux-gnu/lib -L/usr/lib/gcc/x86_64-pc-linux-gnu/8.2.0/../../.. CMakeFiles/cmTC_f2d19.dir/CMakeCXXCompilerABI.cpp.o -lstdc++ -lm -lgcc_s -lgcc -lc -lgcc_s -lgcc /usr/lib/gcc/x86_64-pc-linux-gnu/8.2.0/crtendS.o /usr/lib/gcc/x86_64-pc-linux-gnu/8.2.0/../../../../lib64/crtn.o]
    arg [/usr/libexec/gcc/x86_64-pc-linux-gnu/8.2.0/collect2] ==> ignore
    arg [-plugin] ==> ignore
    arg [/usr/libexec/gcc/x86_64-pc-linux-gnu/8.2.0/liblto_plugin.so] ==> ignore
    arg [-plugin-opt=/usr/libexec/gcc/x86_64-pc-linux-gnu/8.2.0/lto-wrapper] ==> ignore
    arg [-plugin-opt=-fresolution=/tmp/ccR8zOIy.res] ==> ignore
    arg [-plugin-opt=-pass-through=-lgcc_s] ==> ignore
    arg [-plugin-opt=-pass-through=-lgcc] ==> ignore
    arg [-plugin-opt=-pass-through=-lc] ==> ignore
    arg [-plugin-opt=-pass-through=-lgcc_s] ==> ignore
    arg [-plugin-opt=-pass-through=-lgcc] ==> ignore
    arg [--eh-frame-hdr] ==> ignore
    arg [-m] ==> ignore
    arg [elf_x86_64] ==> ignore
    arg [-dynamic-linker] ==> ignore
    arg [/lib64/ld-linux-x86-64.so.2] ==> ignore
    arg [-pie] ==> ignore
    arg [-o] ==> ignore
    arg [cmTC_f2d19] ==> ignore
    arg [/usr/lib/gcc/x86_64-pc-linux-gnu/8.2.0/../../../../lib64/Scrt1.o] ==> ignore
    arg [/usr/lib/gcc/x86_64-pc-linux-gnu/8.2.0/../../../../lib64/crti.o] ==> ignore
    arg [/usr/lib/gcc/x86_64-pc-linux-gnu/8.2.0/crtbeginS.o] ==> ignore
    arg [-L/usr/lib/gcc/x86_64-pc-linux-gnu/8.2.0] ==> dir [/usr/lib/gcc/x86_64-pc-linux-gnu/8.2.0]
    arg [-L/usr/lib/gcc/x86_64-pc-linux-gnu/8.2.0/../../../../lib64] ==> dir [/usr/lib/gcc/x86_64-pc-linux-gnu/8.2.0/../../../../lib64]
    arg [-L/lib/../lib64] ==> dir [/lib/../lib64]
    arg [-L/usr/lib/../lib64] ==> dir [/usr/lib/../lib64]
    arg [-L/usr/lib/gcc/x86_64-pc-linux-gnu/8.2.0/../../../../x86_64-pc-linux-gnu/lib] ==> dir [/usr/lib/gcc/x86_64-pc-linux-gnu/8.2.0/../../../../x86_64-pc-linux-gnu/lib]
    arg [-L/usr/lib/gcc/x86_64-pc-linux-gnu/8.2.0/../../..] ==> dir [/usr/lib/gcc/x86_64-pc-linux-gnu/8.2.0/../../..]
    arg [CMakeFiles/cmTC_f2d19.dir/CMakeCXXCompilerABI.cpp.o] ==> ignore
    arg [-lstdc++] ==> lib [stdc++]
    arg [-lm] ==> lib [m]
    arg [-lgcc_s] ==> lib [gcc_s]
    arg [-lgcc] ==> lib [gcc]
    arg [-lc] ==> lib [c]
    arg [-lgcc_s] ==> lib [gcc_s]
    arg [-lgcc] ==> lib [gcc]
    arg [/usr/lib/gcc/x86_64-pc-linux-gnu/8.2.0/crtendS.o] ==> ignore
    arg [/usr/lib/gcc/x86_64-pc-linux-gnu/8.2.0/../../../../lib64/crtn.o] ==> ignore
  collapse library dir [/usr/lib/gcc/x86_64-pc-linux-gnu/8.2.0] ==> [/usr/lib/gcc/x86_64-pc-linux-gnu/8.2.0]
  collapse library dir [/usr/lib/gcc/x86_64-pc-linux-gnu/8.2.0/../../../../lib64] ==> [/usr/lib64]
  collapse library dir [/lib/../lib64] ==> [/lib64]
  collapse library dir [/usr/lib/../lib64] ==> [/usr/lib64]
  collapse library dir [/usr/lib/gcc/x86_64-pc-linux-gnu/8.2.0/../../../../x86_64-pc-linux-gnu/lib] ==> [/usr/x86_64-pc-linux-gnu/lib]
  collapse library dir [/usr/lib/gcc/x86_64-pc-linux-gnu/8.2.0/../../..] ==> [/usr/lib]
  implicit libs: [stdc++;m;gcc_s;gcc;c;gcc_s;gcc]
  implicit dirs: [/usr/lib/gcc/x86_64-pc-linux-gnu/8.2.0;/usr/lib64;/lib64;/usr/x86_64-pc-linux-gnu/lib;/usr/lib]
  implicit fwks: []




Detecting CXX [-std=c++2a] compiler features compiled with the following output:
Change Dir: /home/lukas/Projects/GraphContractor/build/deps/fmt/src/fmt-project-build/CMakeFiles/CMakeTmp

Run Build Command(s):/usr/bin/gmake cmTC_e5005/fast 
gmake[3]: Verzeichnis „/home/lukas/Projects/GraphContractor/build/deps/fmt/src/fmt-project-build/CMakeFiles/CMakeTmp“ wird betreten
/usr/bin/gmake -f CMakeFiles/cmTC_e5005.dir/build.make CMakeFiles/cmTC_e5005.dir/build
gmake[4]: Verzeichnis „/home/lukas/Projects/GraphContractor/build/deps/fmt/src/fmt-project-build/CMakeFiles/CMakeTmp“ wird betreten
Building CXX object CMakeFiles/cmTC_e5005.dir/feature_tests.cxx.o
/usr/bin/c++    -std=c++2a -o CMakeFiles/cmTC_e5005.dir/feature_tests.cxx.o -c /home/lukas/Projects/GraphContractor/build/deps/fmt/src/fmt-project-build/CMakeFiles/feature_tests.cxx
Linking CXX executable cmTC_e5005
/usr/bin/cmake -E cmake_link_script CMakeFiles/cmTC_e5005.dir/link.txt --verbose=1
/usr/bin/c++       CMakeFiles/cmTC_e5005.dir/feature_tests.cxx.o  -o cmTC_e5005 
gmake[4]: Verzeichnis „/home/lukas/Projects/GraphContractor/build/deps/fmt/src/fmt-project-build/CMakeFiles/CMakeTmp“ wird verlassen
gmake[3]: Verzeichnis „/home/lukas/Projects/GraphContractor/build/deps/fmt/src/fmt-project-build/CMakeFiles/CMakeTmp“ wird verlassen


    Feature record: CXX_FEATURE:1cxx_aggregate_default_initializers
    Feature record: CXX_FEATURE:1cxx_alias_templates
    Feature record: CXX_FEATURE:1cxx_alignas
    Feature record: CXX_FEATURE:1cxx_alignof
    Feature record: CXX_FEATURE:1cxx_attributes
    Feature record: CXX_FEATURE:1cxx_attribute_deprecated
    Feature record: CXX_FEATURE:1cxx_auto_type
    Feature record: CXX_FEATURE:1cxx_binary_literals
    Feature record: CXX_FEATURE:1cxx_constexpr
    Feature record: CXX_FEATURE:1cxx_contextual_conversions
    Feature record: CXX_FEATURE:1cxx_decltype
    Feature record: CXX_FEATURE:1cxx_decltype_auto
    Feature record: CXX_FEATURE:1cxx_decltype_incomplete_return_types
    Feature record: CXX_FEATURE:1cxx_default_function_template_args
    Feature record: CXX_FEATURE:1cxx_defaulted_functions
    Feature record: CXX_FEATURE:1cxx_defaulted_move_initializers
    Feature record: CXX_FEATURE:1cxx_delegating_constructors
    Feature record: CXX_FEATURE:1cxx_deleted_functions
    Feature record: CXX_FEATURE:1cxx_digit_separators
    Feature record: CXX_FEATURE:1cxx_enum_forward_declarations
    Feature record: CXX_FEATURE:1cxx_explicit_conversions
    Feature record: CXX_FEATURE:1cxx_extended_friend_declarations
    Feature record: CXX_FEATURE:1cxx_extern_templates
    Feature record: CXX_FEATURE:1cxx_final
    Feature record: CXX_FEATURE:1cxx_func_identifier
    Feature record: CXX_FEATURE:1cxx_generalized_initializers
    Feature record: CXX_FEATURE:1cxx_generic_lambdas
    Feature record: CXX_FEATURE:1cxx_inheriting_constructors
    Feature record: CXX_FEATURE:1cxx_inline_namespaces
    Feature record: CXX_FEATURE:1cxx_lambdas
    Feature record: CXX_FEATURE:1cxx_lambda_init_captures
    Feature record: CXX_FEATURE:1cxx_local_type_template_args
    Feature record: CXX_FEATURE:1cxx_long_long_type
    Feature record: CXX_FEATURE:1cxx_noexcept
    Feature record: CXX_FEATURE:1cxx_nonstatic_member_init
    Feature record: CXX_FEATURE:1cxx_nullptr
    Feature record: CXX_FEATURE:1cxx_override
    Feature record: CXX_FEATURE:1cxx_range_for
    Feature record: CXX_FEATURE:1cxx_raw_string_literals
    Feature record: CXX_FEATURE:1cxx_reference_qualified_functions
    Feature record: CXX_FEATURE:1cxx_relaxed_constexpr
    Feature record: CXX_FEATURE:1cxx_return_type_deduction
    Feature record: CXX_FEATURE:1cxx_right_angle_brackets
    Feature record: CXX_FEATURE:1cxx_rvalue_references
    Feature record: CXX_FEATURE:1cxx_sizeof_member
    Feature record: CXX_FEATURE:1cxx_static_assert
    Feature record: CXX_FEATURE:1cxx_strong_enums
    Feature record: CXX_FEATURE:1cxx_template_template_parameters
    Feature record: CXX_FEATURE:1cxx_thread_local
    Feature record: CXX_FEATURE:1cxx_trailing_return_types
    Feature record: CXX_FEATURE:1cxx_unicode_literals
    Feature record: CXX_FEATURE:1cxx_uniform_initialization
    Feature record: CXX_FEATURE:1cxx_unrestricted_unions
    Feature record: CXX_FEATURE:1cxx_user_literals
    Feature record: CXX_FEATURE:1cxx_variable_templates
    Feature record: CXX_FEATURE:1cxx_variadic_macros
    Feature record: CXX_FEATURE:1cxx_variadic_templates


Detecting CXX [-std=c++17] compiler features compiled with the following output:
Change Dir: /home/lukas/Projects/GraphContractor/build/deps/fmt/src/fmt-project-build/CMakeFiles/CMakeTmp

Run Build Command(s):/usr/bin/gmake cmTC_94dab/fast 
gmake[3]: Verzeichnis „/home/lukas/Projects/GraphContractor/build/deps/fmt/src/fmt-project-build/CMakeFiles/CMakeTmp“ wird betreten
/usr/bin/gmake -f CMakeFiles/cmTC_94dab.dir/build.make CMakeFiles/cmTC_94dab.dir/build
gmake[4]: Verzeichnis „/home/lukas/Projects/GraphContractor/build/deps/fmt/src/fmt-project-build/CMakeFiles/CMakeTmp“ wird betreten
Building CXX object CMakeFiles/cmTC_94dab.dir/feature_tests.cxx.o
/usr/bin/c++    -std=c++17 -o CMakeFiles/cmTC_94dab.dir/feature_tests.cxx.o -c /home/lukas/Projects/GraphContractor/build/deps/fmt/src/fmt-project-build/CMakeFiles/feature_tests.cxx
Linking CXX executable cmTC_94dab
/usr/bin/cmake -E cmake_link_script CMakeFiles/cmTC_94dab.dir/link.txt --verbose=1
/usr/bin/c++       CMakeFiles/cmTC_94dab.dir/feature_tests.cxx.o  -o cmTC_94dab 
gmake[4]: Verzeichnis „/home/lukas/Projects/GraphContractor/build/deps/fmt/src/fmt-project-build/CMakeFiles/CMakeTmp“ wird verlassen
gmake[3]: Verzeichnis „/home/lukas/Projects/GraphContractor/build/deps/fmt/src/fmt-project-build/CMakeFiles/CMakeTmp“ wird verlassen


    Feature record: CXX_FEATURE:1cxx_aggregate_default_initializers
    Feature record: CXX_FEATURE:1cxx_alias_templates
    Feature record: CXX_FEATURE:1cxx_alignas
    Feature record: CXX_FEATURE:1cxx_alignof
    Feature record: CXX_FEATURE:1cxx_attributes
    Feature record: CXX_FEATURE:1cxx_attribute_deprecated
    Feature record: CXX_FEATURE:1cxx_auto_type
    Feature record: CXX_FEATURE:1cxx_binary_literals
    Feature record: CXX_FEATURE:1cxx_constexpr
    Feature record: CXX_FEATURE:1cxx_contextual_conversions
    Feature record: CXX_FEATURE:1cxx_decltype
    Feature record: CXX_FEATURE:1cxx_decltype_auto
    Feature record: CXX_FEATURE:1cxx_decltype_incomplete_return_types
    Feature record: CXX_FEATURE:1cxx_default_function_template_args
    Feature record: CXX_FEATURE:1cxx_defaulted_functions
    Feature record: CXX_FEATURE:1cxx_defaulted_move_initializers
    Feature record: CXX_FEATURE:1cxx_delegating_constructors
    Feature record: CXX_FEATURE:1cxx_deleted_functions
    Feature record: CXX_FEATURE:1cxx_digit_separators
    Feature record: CXX_FEATURE:1cxx_enum_forward_declarations
    Feature record: CXX_FEATURE:1cxx_explicit_conversions
    Feature record: CXX_FEATURE:1cxx_extended_friend_declarations
    Feature record: CXX_FEATURE:1cxx_extern_templates
    Feature record: CXX_FEATURE:1cxx_final
    Feature record: CXX_FEATURE:1cxx_func_identifier
    Feature record: CXX_FEATURE:1cxx_generalized_initializers
    Feature record: CXX_FEATURE:1cxx_generic_lambdas
    Feature record: CXX_FEATURE:1cxx_inheriting_constructors
    Feature record: CXX_FEATURE:1cxx_inline_namespaces
    Feature record: CXX_FEATURE:1cxx_lambdas
    Feature record: CXX_FEATURE:1cxx_lambda_init_captures
    Feature record: CXX_FEATURE:1cxx_local_type_template_args
    Feature record: CXX_FEATURE:1cxx_long_long_type
    Feature record: CXX_FEATURE:1cxx_noexcept
    Feature record: CXX_FEATURE:1cxx_nonstatic_member_init
    Feature record: CXX_FEATURE:1cxx_nullptr
    Feature record: CXX_FEATURE:1cxx_override
    Feature record: CXX_FEATURE:1cxx_range_for
    Feature record: CXX_FEATURE:1cxx_raw_string_literals
    Feature record: CXX_FEATURE:1cxx_reference_qualified_functions
    Feature record: CXX_FEATURE:1cxx_relaxed_constexpr
    Feature record: CXX_FEATURE:1cxx_return_type_deduction
    Feature record: CXX_FEATURE:1cxx_right_angle_brackets
    Feature record: CXX_FEATURE:1cxx_rvalue_references
    Feature record: CXX_FEATURE:1cxx_sizeof_member
    Feature record: CXX_FEATURE:1cxx_static_assert
    Feature record: CXX_FEATURE:1cxx_strong_enums
    Feature record: CXX_FEATURE:1cxx_template_template_parameters
    Feature record: CXX_FEATURE:1cxx_thread_local
    Feature record: CXX_FEATURE:1cxx_trailing_return_types
    Feature record: CXX_FEATURE:1cxx_unicode_literals
    Feature record: CXX_FEATURE:1cxx_uniform_initialization
    Feature record: CXX_FEATURE:1cxx_unrestricted_unions
    Feature record: CXX_FEATURE:1cxx_user_literals
    Feature record: CXX_FEATURE:1cxx_variable_templates
    Feature record: CXX_FEATURE:1cxx_variadic_macros
    Feature record: CXX_FEATURE:1cxx_variadic_templates


Detecting CXX [-std=c++14] compiler features compiled with the following output:
Change Dir: /home/lukas/Projects/GraphContractor/build/deps/fmt/src/fmt-project-build/CMakeFiles/CMakeTmp

Run Build Command(s):/usr/bin/gmake cmTC_894fd/fast 
gmake[3]: Verzeichnis „/home/lukas/Projects/GraphContractor/build/deps/fmt/src/fmt-project-build/CMakeFiles/CMakeTmp“ wird betreten
/usr/bin/gmake -f CMakeFiles/cmTC_894fd.dir/build.make CMakeFiles/cmTC_894fd.dir/build
gmake[4]: Verzeichnis „/home/lukas/Projects/GraphContractor/build/deps/fmt/src/fmt-project-build/CMakeFiles/CMakeTmp“ wird betreten
Building CXX object CMakeFiles/cmTC_894fd.dir/feature_tests.cxx.o
/usr/bin/c++    -std=c++14 -o CMakeFiles/cmTC_894fd.dir/feature_tests.cxx.o -c /home/lukas/Projects/GraphContractor/build/deps/fmt/src/fmt-project-build/CMakeFiles/feature_tests.cxx
Linking CXX executable cmTC_894fd
/usr/bin/cmake -E cmake_link_script CMakeFiles/cmTC_894fd.dir/link.txt --verbose=1
/usr/bin/c++       CMakeFiles/cmTC_894fd.dir/feature_tests.cxx.o  -o cmTC_894fd 
gmake[4]: Verzeichnis „/home/lukas/Projects/GraphContractor/build/deps/fmt/src/fmt-project-build/CMakeFiles/CMakeTmp“ wird verlassen
gmake[3]: Verzeichnis „/home/lukas/Projects/GraphContractor/build/deps/fmt/src/fmt-project-build/CMakeFiles/CMakeTmp“ wird verlassen


    Feature record: CXX_FEATURE:1cxx_aggregate_default_initializers
    Feature record: CXX_FEATURE:1cxx_alias_templates
    Feature record: CXX_FEATURE:1cxx_alignas
    Feature record: CXX_FEATURE:1cxx_alignof
    Feature record: CXX_FEATURE:1cxx_attributes
    Feature record: CXX_FEATURE:1cxx_attribute_deprecated
    Feature record: CXX_FEATURE:1cxx_auto_type
    Feature record: CXX_FEATURE:1cxx_binary_literals
    Feature record: CXX_FEATURE:1cxx_constexpr
    Feature record: CXX_FEATURE:1cxx_contextual_conversions
    Feature record: CXX_FEATURE:1cxx_decltype
    Feature record: CXX_FEATURE:1cxx_decltype_auto
    Feature record: CXX_FEATURE:1cxx_decltype_incomplete_return_types
    Feature record: CXX_FEATURE:1cxx_default_function_template_args
    Feature record: CXX_FEATURE:1cxx_defaulted_functions
    Feature record: CXX_FEATURE:1cxx_defaulted_move_initializers
    Feature record: CXX_FEATURE:1cxx_delegating_constructors
    Feature record: CXX_FEATURE:1cxx_deleted_functions
    Feature record: CXX_FEATURE:1cxx_digit_separators
    Feature record: CXX_FEATURE:1cxx_enum_forward_declarations
    Feature record: CXX_FEATURE:1cxx_explicit_conversions
    Feature record: CXX_FEATURE:1cxx_extended_friend_declarations
    Feature record: CXX_FEATURE:1cxx_extern_templates
    Feature record: CXX_FEATURE:1cxx_final
    Feature record: CXX_FEATURE:1cxx_func_identifier
    Feature record: CXX_FEATURE:1cxx_generalized_initializers
    Feature record: CXX_FEATURE:1cxx_generic_lambdas
    Feature record: CXX_FEATURE:1cxx_inheriting_constructors
    Feature record: CXX_FEATURE:1cxx_inline_namespaces
    Feature record: CXX_FEATURE:1cxx_lambdas
    Feature record: CXX_FEATURE:1cxx_lambda_init_captures
    Feature record: CXX_FEATURE:1cxx_local_type_template_args
    Feature record: CXX_FEATURE:1cxx_long_long_type
    Feature record: CXX_FEATURE:1cxx_noexcept
    Feature record: CXX_FEATURE:1cxx_nonstatic_member_init
    Feature record: CXX_FEATURE:1cxx_nullptr
    Feature record: CXX_FEATURE:1cxx_override
    Feature record: CXX_FEATURE:1cxx_range_for
    Feature record: CXX_FEATURE:1cxx_raw_string_literals
    Feature record: CXX_FEATURE:1cxx_reference_qualified_functions
    Feature record: CXX_FEATURE:1cxx_relaxed_constexpr
    Feature record: CXX_FEATURE:1cxx_return_type_deduction
    Feature record: CXX_FEATURE:1cxx_right_angle_brackets
    Feature record: CXX_FEATURE:1cxx_rvalue_references
    Feature record: CXX_FEATURE:1cxx_sizeof_member
    Feature record: CXX_FEATURE:1cxx_static_assert
    Feature record: CXX_FEATURE:1cxx_strong_enums
    Feature record: CXX_FEATURE:1cxx_template_template_parameters
    Feature record: CXX_FEATURE:1cxx_thread_local
    Feature record: CXX_FEATURE:1cxx_trailing_return_types
    Feature record: CXX_FEATURE:1cxx_unicode_literals
    Feature record: CXX_FEATURE:1cxx_uniform_initialization
    Feature record: CXX_FEATURE:1cxx_unrestricted_unions
    Feature record: CXX_FEATURE:1cxx_user_literals
    Feature record: CXX_FEATURE:1cxx_variable_templates
    Feature record: CXX_FEATURE:1cxx_variadic_macros
    Feature record: CXX_FEATURE:1cxx_variadic_templates


Detecting CXX [-std=c++11] compiler features compiled with the following output:
Change Dir: /home/lukas/Projects/GraphContractor/build/deps/fmt/src/fmt-project-build/CMakeFiles/CMakeTmp

Run Build Command(s):/usr/bin/gmake cmTC_1cbfe/fast 
gmake[3]: Verzeichnis „/home/lukas/Projects/GraphContractor/build/deps/fmt/src/fmt-project-build/CMakeFiles/CMakeTmp“ wird betreten
/usr/bin/gmake -f CMakeFiles/cmTC_1cbfe.dir/build.make CMakeFiles/cmTC_1cbfe.dir/build
gmake[4]: Verzeichnis „/home/lukas/Projects/GraphContractor/build/deps/fmt/src/fmt-project-build/CMakeFiles/CMakeTmp“ wird betreten
Building CXX object CMakeFiles/cmTC_1cbfe.dir/feature_tests.cxx.o
/usr/bin/c++    -std=c++11 -o CMakeFiles/cmTC_1cbfe.dir/feature_tests.cxx.o -c /home/lukas/Projects/GraphContractor/build/deps/fmt/src/fmt-project-build/CMakeFiles/feature_tests.cxx
Linking CXX executable cmTC_1cbfe
/usr/bin/cmake -E cmake_link_script CMakeFiles/cmTC_1cbfe.dir/link.txt --verbose=1
/usr/bin/c++       CMakeFiles/cmTC_1cbfe.dir/feature_tests.cxx.o  -o cmTC_1cbfe 
gmake[4]: Verzeichnis „/home/lukas/Projects/GraphContractor/build/deps/fmt/src/fmt-project-build/CMakeFiles/CMakeTmp“ wird verlassen
gmake[3]: Verzeichnis „/home/lukas/Projects/GraphContractor/build/deps/fmt/src/fmt-project-build/CMakeFiles/CMakeTmp“ wird verlassen


    Feature record: CXX_FEATURE:0cxx_aggregate_default_initializers
    Feature record: CXX_FEATURE:1cxx_alias_templates
    Feature record: CXX_FEATURE:1cxx_alignas
    Feature record: CXX_FEATURE:1cxx_alignof
    Feature record: CXX_FEATURE:1cxx_attributes
    Feature record: CXX_FEATURE:0cxx_attribute_deprecated
    Feature record: CXX_FEATURE:1cxx_auto_type
    Feature record: CXX_FEATURE:0cxx_binary_literals
    Feature record: CXX_FEATURE:1cxx_constexpr
    Feature record: CXX_FEATURE:0cxx_contextual_conversions
    Feature record: CXX_FEATURE:1cxx_decltype
    Feature record: CXX_FEATURE:0cxx_decltype_auto
    Feature record: CXX_FEATURE:1cxx_decltype_incomplete_return_types
    Feature record: CXX_FEATURE:1cxx_default_function_template_args
    Feature record: CXX_FEATURE:1cxx_defaulted_functions
    Feature record: CXX_FEATURE:1cxx_defaulted_move_initializers
    Feature record: CXX_FEATURE:1cxx_delegating_constructors
    Feature record: CXX_FEATURE:1cxx_deleted_functions
    Feature record: CXX_FEATURE:0cxx_digit_separators
    Feature record: CXX_FEATURE:1cxx_enum_forward_declarations
    Feature record: CXX_FEATURE:1cxx_explicit_conversions
    Feature record: CXX_FEATURE:1cxx_extended_friend_declarations
    Feature record: CXX_FEATURE:1cxx_extern_templates
    Feature record: CXX_FEATURE:1cxx_final
    Feature record: CXX_FEATURE:1cxx_func_identifier
    Feature record: CXX_FEATURE:1cxx_generalized_initializers
    Feature record: CXX_FEATURE:0cxx_generic_lambdas
    Feature record: CXX_FEATURE:1cxx_inheriting_constructors
    Feature record: CXX_FEATURE:1cxx_inline_namespaces
    Feature record: CXX_FEATURE:1cxx_lambdas
    Feature record: CXX_FEATURE:0cxx_lambda_init_captures
    Feature record: CXX_FEATURE:1cxx_local_type_template_args
    Feature record: CXX_FEATURE:1cxx_long_long_type
    Feature record: CXX_FEATURE:1cxx_noexcept
    Feature record: CXX_FEATURE:1cxx_nonstatic_member_init
    Feature record: CXX_FEATURE:1cxx_nullptr
    Feature record: CXX_FEATURE:1cxx_override
    Feature record: CXX_FEATURE:1cxx_range_for
    Feature record: CXX_FEATURE:1cxx_raw_string_literals
    Feature record: CXX_FEATURE:1cxx_reference_qualified_functions
    Feature record: CXX_FEATURE:0cxx_relaxed_constexpr
    Feature record: CXX_FEATURE:0cxx_return_type_deduction
    Feature record: CXX_FEATURE:1cxx_right_angle_brackets
    Feature record: CXX_FEATURE:1cxx_rvalue_references
    Feature record: CXX_FEATURE:1cxx_sizeof_member
    Feature record: CXX_FEATURE:1cxx_static_assert
    Feature record: CXX_FEATURE:1cxx_strong_enums
    Feature record: CXX_FEATURE:1cxx_template_template_parameters
    Feature record: CXX_FEATURE:1cxx_thread_local
    Feature record: CXX_FEATURE:1cxx_trailing_return_types
    Feature record: CXX_FEATURE:1cxx_unicode_literals
    Feature record: CXX_FEATURE:1cxx_uniform_initialization
    Feature record: CXX_FEATURE:1cxx_unrestricted_unions
    Feature record: CXX_FEATURE:1cxx_user_literals
    Feature record: CXX_FEATURE:0cxx_variable_templates
    Feature record: CXX_FEATURE:1cxx_variadic_macros
    Feature record: CXX_FEATURE:1cxx_variadic_templates


Detecting CXX [-std=c++98] compiler features compiled with the following output:
Change Dir: /home/lukas/Projects/GraphContractor/build/deps/fmt/src/fmt-project-build/CMakeFiles/CMakeTmp

Run Build Command(s):/usr/bin/gmake cmTC_751e7/fast 
gmake[3]: Verzeichnis „/home/lukas/Projects/GraphContractor/build/deps/fmt/src/fmt-project-build/CMakeFiles/CMakeTmp“ wird betreten
/usr/bin/gmake -f CMakeFiles/cmTC_751e7.dir/build.make CMakeFiles/cmTC_751e7.dir/build
gmake[4]: Verzeichnis „/home/lukas/Projects/GraphContractor/build/deps/fmt/src/fmt-project-build/CMakeFiles/CMakeTmp“ wird betreten
Building CXX object CMakeFiles/cmTC_751e7.dir/feature_tests.cxx.o
/usr/bin/c++    -std=c++98 -o CMakeFiles/cmTC_751e7.dir/feature_tests.cxx.o -c /home/lukas/Projects/GraphContractor/build/deps/fmt/src/fmt-project-build/CMakeFiles/feature_tests.cxx
Linking CXX executable cmTC_751e7
/usr/bin/cmake -E cmake_link_script CMakeFiles/cmTC_751e7.dir/link.txt --verbose=1
/usr/bin/c++       CMakeFiles/cmTC_751e7.dir/feature_tests.cxx.o  -o cmTC_751e7 
gmake[4]: Verzeichnis „/home/lukas/Projects/GraphContractor/build/deps/fmt/src/fmt-project-build/CMakeFiles/CMakeTmp“ wird verlassen
gmake[3]: Verzeichnis „/home/lukas/Projects/GraphContractor/build/deps/fmt/src/fmt-project-build/CMakeFiles/CMakeTmp“ wird verlassen


    Feature record: CXX_FEATURE:0cxx_aggregate_default_initializers
    Feature record: CXX_FEATURE:0cxx_alias_templates
    Feature record: CXX_FEATURE:0cxx_alignas
    Feature record: CXX_FEATURE:0cxx_alignof
    Feature record: CXX_FEATURE:0cxx_attributes
    Feature record: CXX_FEATURE:0cxx_attribute_deprecated
    Feature record: CXX_FEATURE:0cxx_auto_type
    Feature record: CXX_FEATURE:0cxx_binary_literals
    Feature record: CXX_FEATURE:0cxx_constexpr
    Feature record: CXX_FEATURE:0cxx_contextual_conversions
    Feature record: CXX_FEATURE:0cxx_decltype
    Feature record: CXX_FEATURE:0cxx_decltype_auto
    Feature record: CXX_FEATURE:0cxx_decltype_incomplete_return_types
    Feature record: CXX_FEATURE:0cxx_default_function_template_args
    Feature record: CXX_FEATURE:0cxx_defaulted_functions
    Feature record: CXX_FEATURE:0cxx_defaulted_move_initializers
    Feature record: CXX_FEATURE:0cxx_delegating_constructors
    Feature record: CXX_FEATURE:0cxx_deleted_functions
    Feature record: CXX_FEATURE:0cxx_digit_separators
    Feature record: CXX_FEATURE:0cxx_enum_forward_declarations
    Feature record: CXX_FEATURE:0cxx_explicit_conversions
    Feature record: CXX_FEATURE:0cxx_extended_friend_declarations
    Feature record: CXX_FEATURE:0cxx_extern_templates
    Feature record: CXX_FEATURE:0cxx_final
    Feature record: CXX_FEATURE:0cxx_func_identifier
    Feature record: CXX_FEATURE:0cxx_generalized_initializers
    Feature record: CXX_FEATURE:0cxx_generic_lambdas
    Feature record: CXX_FEATURE:0cxx_inheriting_constructors
    Feature record: CXX_FEATURE:0cxx_inline_namespaces
    Feature record: CXX_FEATURE:0cxx_lambdas
    Feature record: CXX_FEATURE:0cxx_lambda_init_captures
    Feature record: CXX_FEATURE:0cxx_local_type_template_args
    Feature record: CXX_FEATURE:0cxx_long_long_type
    Feature record: CXX_FEATURE:0cxx_noexcept
    Feature record: CXX_FEATURE:0cxx_nonstatic_member_init
    Feature record: CXX_FEATURE:0cxx_nullptr
    Feature record: CXX_FEATURE:0cxx_override
    Feature record: CXX_FEATURE:0cxx_range_for
    Feature record: CXX_FEATURE:0cxx_raw_string_literals
    Feature record: CXX_FEATURE:0cxx_reference_qualified_functions
    Feature record: CXX_FEATURE:0cxx_relaxed_constexpr
    Feature record: CXX_FEATURE:0cxx_return_type_deduction
    Feature record: CXX_FEATURE:0cxx_right_angle_brackets
    Feature record: CXX_FEATURE:0cxx_rvalue_references
    Feature record: CXX_FEATURE:0cxx_sizeof_member
    Feature record: CXX_FEATURE:0cxx_static_assert
    Feature record: CXX_FEATURE:0cxx_strong_enums
    Feature record: CXX_FEATURE:1cxx_template_template_parameters
    Feature record: CXX_FEATURE:0cxx_thread_local
    Feature record: CXX_FEATURE:0cxx_trailing_return_types
    Feature record: CXX_FEATURE:0cxx_unicode_literals
    Feature record: CXX_FEATURE:0cxx_uniform_initialization
    Feature record: CXX_FEATURE:0cxx_unrestricted_unions
    Feature record: CXX_FEATURE:0cxx_user_literals
    Feature record: CXX_FEATURE:0cxx_variable_templates
    Feature record: CXX_FEATURE:0cxx_variadic_macros
    Feature record: CXX_FEATURE:0cxx_variadic_templates
Performing C++ SOURCE FILE Test has_std_11_flag succeeded with the following output:
Change Dir: /home/lukas/Projects/GraphContractor/build/deps/fmt/src/fmt-project-build/CMakeFiles/CMakeTmp

Run Build Command(s):/usr/bin/gmake cmTC_123d2/fast 
gmake[3]: Entering directory '/home/lukas/Projects/GraphContractor/build/deps/fmt/src/fmt-project-build/CMakeFiles/CMakeTmp'
/usr/bin/gmake -f CMakeFiles/cmTC_123d2.dir/build.make CMakeFiles/cmTC_123d2.dir/build
gmake[4]: Entering directory '/home/lukas/Projects/GraphContractor/build/deps/fmt/src/fmt-project-build/CMakeFiles/CMakeTmp'
Building CXX object CMakeFiles/cmTC_123d2.dir/src.cxx.o
/usr/bin/c++    -Dhas_std_11_flag   -std=c++11 -std=gnu++11 -o CMakeFiles/cmTC_123d2.dir/src.cxx.o -c /home/lukas/Projects/GraphContractor/build/deps/fmt/src/fmt-project-build/CMakeFiles/CMakeTmp/src.cxx
Linking CXX executable cmTC_123d2
/usr/bin/cmake -E cmake_link_script CMakeFiles/cmTC_123d2.dir/link.txt --verbose=1
/usr/bin/c++   -Dhas_std_11_flag    CMakeFiles/cmTC_123d2.dir/src.cxx.o  -o cmTC_123d2 
gmake[4]: Leaving directory '/home/lukas/Projects/GraphContractor/build/deps/fmt/src/fmt-project-build/CMakeFiles/CMakeTmp'
gmake[3]: Leaving directory '/home/lukas/Projects/GraphContractor/build/deps/fmt/src/fmt-project-build/CMakeFiles/CMakeTmp'

Source file was:
int main() { return 0; }
Performing C++ SOURCE FILE Test has_std_0x_flag succeeded with the following output:
Change Dir: /home/lukas/Projects/GraphContractor/build/deps/fmt/src/fmt-project-build/CMakeFiles/CMakeTmp

Run Build Command(s):/usr/bin/gmake cmTC_3219b/fast 
gmake[3]: Entering directory '/home/lukas/Projects/GraphContractor/build/deps/fmt/src/fmt-project-build/CMakeFiles/CMakeTmp'
/usr/bin/gmake -f CMakeFiles/cmTC_3219b.dir/build.make CMakeFiles/cmTC_3219b.dir/build
gmake[4]: Entering directory '/home/lukas/Projects/GraphContractor/build/deps/fmt/src/fmt-project-build/CMakeFiles/CMakeTmp'
Building CXX object CMakeFiles/cmTC_3219b.dir/src.cxx.o
/usr/bin/c++    -Dhas_std_0x_flag   -std=c++0x -std=gnu++11 -o CMakeFiles/cmTC_3219b.dir/src.cxx.o -c /home/lukas/Projects/GraphContractor/build/deps/fmt/src/fmt-project-build/CMakeFiles/CMakeTmp/src.cxx
Linking CXX executable cmTC_3219b
/usr/bin/cmake -E cmake_link_script CMakeFiles/cmTC_3219b.dir/link.txt --verbose=1
/usr/bin/c++   -Dhas_std_0x_flag    CMakeFiles/cmTC_3219b.dir/src.cxx.o  -o cmTC_3219b 
gmake[4]: Leaving directory '/home/lukas/Projects/GraphContractor/build/deps/fmt/src/fmt-project-build/CMakeFiles/CMakeTmp'
gmake[3]: Leaving directory '/home/lukas/Projects/GraphContractor/build/deps/fmt/src/fmt-project-build/CMakeFiles/CMakeTmp'

Source file was:
int main() { return 0; }
Performing C++ SOURCE FILE Test SUPPORTS_VARIADIC_TEMPLATES succeeded with the following output:
Change Dir: /home/lukas/Projects/GraphContractor/build/deps/fmt/src/fmt-project-build/CMakeFiles/CMakeTmp

Run Build Command(s):/usr/bin/gmake cmTC_361f6/fast 
gmake[3]: Verzeichnis „/home/lukas/Projects/GraphContractor/build/deps/fmt/src/fmt-project-build/CMakeFiles/CMakeTmp“ wird betreten
/usr/bin/gmake -f CMakeFiles/cmTC_361f6.dir/build.make CMakeFiles/cmTC_361f6.dir/build
gmake[4]: Verzeichnis „/home/lukas/Projects/GraphContractor/build/deps/fmt/src/fmt-project-build/CMakeFiles/CMakeTmp“ wird betreten
Building CXX object CMakeFiles/cmTC_361f6.dir/src.cxx.o
/usr/bin/c++    -DSUPPORTS_VARIADIC_TEMPLATES -std=c++11   -std=gnu++11 -o CMakeFiles/cmTC_361f6.dir/src.cxx.o -c /home/lukas/Projects/GraphContractor/build/deps/fmt/src/fmt-project-build/CMakeFiles/CMakeTmp/src.cxx
Linking CXX executable cmTC_361f6
/usr/bin/cmake -E cmake_link_script CMakeFiles/cmTC_361f6.dir/link.txt --verbose=1
/usr/bin/c++   -DSUPPORTS_VARIADIC_TEMPLATES -std=c++11    CMakeFiles/cmTC_361f6.dir/src.cxx.o  -o cmTC_361f6 
gmake[4]: Verzeichnis „/home/lukas/Projects/GraphContractor/build/deps/fmt/src/fmt-project-build/CMakeFiles/CMakeTmp“ wird verlassen
gmake[3]: Verzeichnis „/home/lukas/Projects/GraphContractor/build/deps/fmt/src/fmt-project-build/CMakeFiles/CMakeTmp“ wird verlassen

Source file was:

  template <class T, class ...Types>
  struct S { typedef typename S<Types...>::type type; };
  int main() {}
Performing C++ SOURCE FILE Test SUPPORTS_INITIALIZER_LIST succeeded with the following output:
Change Dir: /home/lukas/Projects/GraphContractor/build/deps/fmt/src/fmt-project-build/CMakeFiles/CMakeTmp

Run Build Command(s):/usr/bin/gmake cmTC_ac825/fast 
gmake[3]: Verzeichnis „/home/lukas/Projects/GraphContractor/build/deps/fmt/src/fmt-project-build/CMakeFiles/CMakeTmp“ wird betreten
/usr/bin/gmake -f CMakeFiles/cmTC_ac825.dir/build.make CMakeFiles/cmTC_ac825.dir/build
gmake[4]: Verzeichnis „/home/lukas/Projects/GraphContractor/build/deps/fmt/src/fmt-project-build/CMakeFiles/CMakeTmp“ wird betreten
Building CXX object CMakeFiles/cmTC_ac825.dir/src.cxx.o
/usr/bin/c++    -DSUPPORTS_INITIALIZER_LIST -std=c++11   -std=gnu++11 -o CMakeFiles/cmTC_ac825.dir/src.cxx.o -c /home/lukas/Projects/GraphContractor/build/deps/fmt/src/fmt-project-build/CMakeFiles/CMakeTmp/src.cxx
Linking CXX executable cmTC_ac825
/usr/bin/cmake -E cmake_link_script CMakeFiles/cmTC_ac825.dir/link.txt --verbose=1
/usr/bin/c++   -DSUPPORTS_INITIALIZER_LIST -std=c++11    CMakeFiles/cmTC_ac825.dir/src.cxx.o  -o cmTC_ac825 
gmake[4]: Verzeichnis „/home/lukas/Projects/GraphContractor/build/deps/fmt/src/fmt-project-build/CMakeFiles/CMakeTmp“ wird verlassen
gmake[3]: Verzeichnis „/home/lukas/Projects/GraphContractor/build/deps/fmt/src/fmt-project-build/CMakeFiles/CMakeTmp“ wird verlassen

Source file was:

  #include <initializer_list>
  int main() {}
Performing C++ SOURCE FILE Test SUPPORTS_ENUM_BASE succeeded with the following output:
Change Dir: /home/lukas/Projects/GraphContractor/build/deps/fmt/src/fmt-project-build/CMakeFiles/CMakeTmp

Run Build Command(s):/usr/bin/gmake cmTC_62751/fast 
gmake[3]: Verzeichnis „/home/lukas/Projects/GraphContractor/build/deps/fmt/src/fmt-project-build/CMakeFiles/CMakeTmp“ wird betreten
/usr/bin/gmake -f CMakeFiles/cmTC_62751.dir/build.make CMakeFiles/cmTC_62751.dir/build
gmake[4]: Verzeichnis „/home/lukas/Projects/GraphContractor/build/deps/fmt/src/fmt-project-build/CMakeFiles/CMakeTmp“ wird betreten
Building CXX object CMakeFiles/cmTC_62751.dir/src.cxx.o
/usr/bin/c++    -DSUPPORTS_ENUM_BASE -std=c++11   -std=gnu++11 -o CMakeFiles/cmTC_62751.dir/src.cxx.o -c /home/lukas/Projects/GraphContractor/build/deps/fmt/src/fmt-project-build/CMakeFiles/CMakeTmp/src.cxx
Linking CXX executable cmTC_62751
/usr/bin/cmake -E cmake_link_script CMakeFiles/cmTC_62751.dir/link.txt --verbose=1
/usr/bin/c++   -DSUPPORTS_ENUM_BASE -std=c++11    CMakeFiles/cmTC_62751.dir/src.cxx.o  -o cmTC_62751 
gmake[4]: Verzeichnis „/home/lukas/Projects/GraphContractor/build/deps/fmt/src/fmt-project-build/CMakeFiles/CMakeTmp“ wird verlassen
gmake[3]: Verzeichnis „/home/lukas/Projects/GraphContractor/build/deps/fmt/src/fmt-project-build/CMakeFiles/CMakeTmp“ wird verlassen

Source file was:

  enum C : char {A};
  int main() {}
Performing C++ SOURCE FILE Test SUPPORTS_TYPE_TRAITS succeeded with the following output:
Change Dir: /home/lukas/Projects/GraphContractor/build/deps/fmt/src/fmt-project-build/CMakeFiles/CMakeTmp

Run Build Command(s):/usr/bin/gmake cmTC_34cbb/fast 
gmake[3]: Verzeichnis „/home/lukas/Projects/GraphContractor/build/deps/fmt/src/fmt-project-build/CMakeFiles/CMakeTmp“ wird betreten
/usr/bin/gmake -f CMakeFiles/cmTC_34cbb.dir/build.make CMakeFiles/cmTC_34cbb.dir/build
gmake[4]: Verzeichnis „/home/lukas/Projects/GraphContractor/build/deps/fmt/src/fmt-project-build/CMakeFiles/CMakeTmp“ wird betreten
Building CXX object CMakeFiles/cmTC_34cbb.dir/src.cxx.o
/usr/bin/c++    -DSUPPORTS_TYPE_TRAITS -std=c++11   -std=gnu++11 -o CMakeFiles/cmTC_34cbb.dir/src.cxx.o -c /home/lukas/Projects/GraphContractor/build/deps/fmt/src/fmt-project-build/CMakeFiles/CMakeTmp/src.cxx
Linking CXX executable cmTC_34cbb
/usr/bin/cmake -E cmake_link_script CMakeFiles/cmTC_34cbb.dir/link.txt --verbose=1
/usr/bin/c++   -DSUPPORTS_TYPE_TRAITS -std=c++11    CMakeFiles/cmTC_34cbb.dir/src.cxx.o  -o cmTC_34cbb 
gmake[4]: Verzeichnis „/home/lukas/Projects/GraphContractor/build/deps/fmt/src/fmt-project-build/CMakeFiles/CMakeTmp“ wird verlassen
gmake[3]: Verzeichnis „/home/lukas/Projects/GraphContractor/build/deps/fmt/src/fmt-project-build/CMakeFiles/CMakeTmp“ wird verlassen

Source file was:

  #include <type_traits>
  class C { void operator=(const C&); };
  int main() { static_assert(!std::is_copy_assignable<C>::value, ""); }
Performing C++ SOURCE FILE Test SUPPORTS_USER_DEFINED_LITERALS succeeded with the following output:
Change Dir: /home/lukas/Projects/GraphContractor/build/deps/fmt/src/fmt-project-build/CMakeFiles/CMakeTmp

Run Build Command(s):/usr/bin/gmake cmTC_6d8f0/fast 
gmake[3]: Verzeichnis „/home/lukas/Projects/GraphContractor/build/deps/fmt/src/fmt-project-build/CMakeFiles/CMakeTmp“ wird betreten
/usr/bin/gmake -f CMakeFiles/cmTC_6d8f0.dir/build.make CMakeFiles/cmTC_6d8f0.dir/build
gmake[4]: Verzeichnis „/home/lukas/Projects/GraphContractor/build/deps/fmt/src/fmt-project-build/CMakeFiles/CMakeTmp“ wird betreten
Building CXX object CMakeFiles/cmTC_6d8f0.dir/src.cxx.o
/usr/bin/c++    -DSUPPORTS_USER_DEFINED_LITERALS -std=c++11   -std=gnu++11 -o CMakeFiles/cmTC_6d8f0.dir/src.cxx.o -c /home/lukas/Projects/GraphContractor/build/deps/fmt/src/fmt-project-build/CMakeFiles/CMakeTmp/src.cxx
Linking CXX executable cmTC_6d8f0
/usr/bin/cmake -E cmake_link_script CMakeFiles/cmTC_6d8f0.dir/link.txt --verbose=1
/usr/bin/c++   -DSUPPORTS_USER_DEFINED_LITERALS -std=c++11    CMakeFiles/cmTC_6d8f0.dir/src.cxx.o  -o cmTC_6d8f0 
gmake[4]: Verzeichnis „/home/lukas/Projects/GraphContractor/build/deps/fmt/src/fmt-project-build/CMakeFiles/CMakeTmp“ wird verlassen
gmake[3]: Verzeichnis „/home/lukas/Projects/GraphContractor/build/deps/fmt/src/fmt-project-build/CMakeFiles/CMakeTmp“ wird verlassen

Source file was:

  void operator"" _udl(long double);
  int main() {}
Determining if the open exist passed with the following output:
Change Dir: /home/lukas/Projects/GraphContractor/build/deps/fmt/src/fmt-project-build/CMakeFiles/CMakeTmp

Run Build Command(s):/usr/bin/gmake cmTC_3387b/fast 
gmake[3]: Verzeichnis „/home/lukas/Projects/GraphContractor/build/deps/fmt/src/fmt-project-build/CMakeFiles/CMakeTmp“ wird betreten
/usr/bin/gmake -f CMakeFiles/cmTC_3387b.dir/build.make CMakeFiles/cmTC_3387b.dir/build
gmake[4]: Verzeichnis „/home/lukas/Projects/GraphContractor/build/deps/fmt/src/fmt-project-build/CMakeFiles/CMakeTmp“ wird betreten
Building C object CMakeFiles/cmTC_3387b.dir/CheckSymbolExists.c.o
/usr/bin/cc    -o CMakeFiles/cmTC_3387b.dir/CheckSymbolExists.c.o   -c /home/lukas/Projects/GraphContractor/build/deps/fmt/src/fmt-project-build/CMakeFiles/CMakeTmp/CheckSymbolExists.c
Linking C executable cmTC_3387b
/usr/bin/cmake -E cmake_link_script CMakeFiles/cmTC_3387b.dir/link.txt --verbose=1
/usr/bin/cc      CMakeFiles/cmTC_3387b.dir/CheckSymbolExists.c.o  -o cmTC_3387b 
gmake[4]: Verzeichnis „/home/lukas/Projects/GraphContractor/build/deps/fmt/src/fmt-project-build/CMakeFiles/CMakeTmp“ wird verlassen
gmake[3]: Verzeichnis „/home/lukas/Projects/GraphContractor/build/deps/fmt/src/fmt-project-build/CMakeFiles/CMakeTmp“ wird verlassen

File /home/lukas/Projects/GraphContractor/build/deps/fmt/src/fmt-project-build/CMakeFiles/CMakeTmp/CheckSymbolExists.c:
/* */
#include <fcntl.h>

int main(int argc, char** argv)
{
  (void)argv;
#ifndef open
  return ((int*)(&open))[argc];
#else
  (void)argc;
  return 0;
#endif
}

