Determining if the pthread_create exist failed with the following output:
Change Dir: /home/lukas/Projects/GraphContractor/build/CMakeFiles/CMakeTmp

Run Build Command(s):/usr/bin/gmake cmTC_9197f/fast 
/usr/bin/gmake -f CMakeFiles/cmTC_9197f.dir/build.make CMakeFiles/cmTC_9197f.dir/build
gmake[1]: Verzeichnis „/home/lukas/Projects/GraphContractor/build/CMakeFiles/CMakeTmp“ wird betreten
Building C object CMakeFiles/cmTC_9197f.dir/CheckSymbolExists.c.o
/usr/bin/cc    -o CMakeFiles/cmTC_9197f.dir/CheckSymbolExists.c.o   -c /home/lukas/Projects/GraphContractor/build/CMakeFiles/CMakeTmp/CheckSymbolExists.c
Linking C executable cmTC_9197f
/usr/bin/cmake -E cmake_link_script CMakeFiles/cmTC_9197f.dir/link.txt --verbose=1
/usr/bin/cc      CMakeFiles/cmTC_9197f.dir/CheckSymbolExists.c.o  -o cmTC_9197f 
/usr/lib/gcc/x86_64-pc-linux-gnu/8.2.0/../../../../x86_64-pc-linux-gnu/bin/ld: CMakeFiles/cmTC_9197f.dir/CheckSymbolExists.c.o: in function `main':
CheckSymbolExists.c:(.text+0x1b): undefined reference to `pthread_create'
collect2: Fehler: ld gab 1 als Ende-Status zurück
gmake[1]: *** [CMakeFiles/cmTC_9197f.dir/build.make:87: cmTC_9197f] Fehler 1
gmake[1]: Verzeichnis „/home/lukas/Projects/GraphContractor/build/CMakeFiles/CMakeTmp“ wird verlassen
gmake: *** [Makefile:121: cmTC_9197f/fast] Fehler 2

File /home/lukas/Projects/GraphContractor/build/CMakeFiles/CMakeTmp/CheckSymbolExists.c:
/* */
#include <pthread.h>

int main(int argc, char** argv)
{
  (void)argv;
#ifndef pthread_create
  return ((int*)(&pthread_create))[argc];
#else
  (void)argc;
  return 0;
#endif
}

Determining if the function pthread_create exists in the pthreads failed with the following output:
Change Dir: /home/lukas/Projects/GraphContractor/build/CMakeFiles/CMakeTmp

Run Build Command(s):/usr/bin/gmake cmTC_67462/fast 
/usr/bin/gmake -f CMakeFiles/cmTC_67462.dir/build.make CMakeFiles/cmTC_67462.dir/build
gmake[1]: Verzeichnis „/home/lukas/Projects/GraphContractor/build/CMakeFiles/CMakeTmp“ wird betreten
Building C object CMakeFiles/cmTC_67462.dir/CheckFunctionExists.c.o
/usr/bin/cc   -DCHECK_FUNCTION_EXISTS=pthread_create   -o CMakeFiles/cmTC_67462.dir/CheckFunctionExists.c.o   -c /usr/share/cmake/Modules/CheckFunctionExists.c
Linking C executable cmTC_67462
/usr/bin/cmake -E cmake_link_script CMakeFiles/cmTC_67462.dir/link.txt --verbose=1
/usr/bin/cc  -DCHECK_FUNCTION_EXISTS=pthread_create    CMakeFiles/cmTC_67462.dir/CheckFunctionExists.c.o  -o cmTC_67462 -lpthreads 
/usr/lib/gcc/x86_64-pc-linux-gnu/8.2.0/../../../../x86_64-pc-linux-gnu/bin/ld: -lpthreads kann nicht gefunden werden
collect2: Fehler: ld gab 1 als Ende-Status zurück
gmake[1]: *** [CMakeFiles/cmTC_67462.dir/build.make:87: cmTC_67462] Fehler 1
gmake[1]: Verzeichnis „/home/lukas/Projects/GraphContractor/build/CMakeFiles/CMakeTmp“ wird verlassen
gmake: *** [Makefile:121: cmTC_67462/fast] Fehler 2


